2020-02-21 18:14:18 [12@glpi]
An email to alberto.mendoza@infotec.mx was added to queue: [GLPI #0000004] New user in requesters RV: CORREO WISE (Correo Nro.14)
2020-02-21 18:14:18 [12@glpi]
An email to hermann.benda@infotec.mx was added to queue: [GLPI #0000004] New user in observers RV: CORREO WISE (Correo Nro.14)
2020-02-21 18:14:18 [12@glpi]
An email to hermann.benda@infotec.mx was added to queue: [GLPI #0000004] New user in assignees RV: CORREO WISE (Correo Nro.14)
2020-02-21 18:14:18 [12@glpi]
An email to admsys@localhost was added to queue: [GLPI #0000004] Nuevo ticket RV: CORREO WISE (Correo Nro.14)
2020-02-21 18:14:18 [12@glpi]
An email to alberto.mendoza@infotec.mx was added to queue: [GLPI #0000004] Nuevo incidente RV: CORREO WISE (Correo Nro.14)
2020-02-21 18:14:18 [12@glpi]
An email to hermann.benda@infotec.mx was added to queue: [GLPI #0000004] Nuevo ticket RV: CORREO WISE (Correo Nro.14)
2020-02-21 18:15:11 [12@glpi]
An email to alberto.mendoza@infotec.mx was added to queue: [GLPI #0000004] New user in assignees RV: CORREO WISE (Correo Nro.14)
2020-02-21 19:55:13 [12@glpi]
An email was sent to admsys@localhost: [GLPI #0000004] Nuevo ticket RV: CORREO WISE (Correo Nro.14)
2020-02-21 19:55:14 [12@glpi]
An email was sent to hermann.benda@infotec.mx: [GLPI #0000004] Nuevo ticket RV: CORREO WISE (Correo Nro.14)
2020-02-21 19:55:15 [12@glpi]
An email was sent to alberto.mendoza@infotec.mx: [GLPI #0000004] New user in assignees RV: CORREO WISE (Correo Nro.14)
2020-02-21 20:08:04 [12@glpi]
An email to alberto.mendoza@infotec.mx was added to queue: [GLPI #0000004] New user in assignees RV: CORREO WISE (Correo Nro.14)
2020-02-21 20:09:19 [12@glpi]
An email was sent to alberto.mendoza@infotec.mx: [GLPI #0000004] New user in assignees RV: CORREO WISE (Correo Nro.14)
2020-02-21 20:16:06 [16@glpi]
An email to alberto.mendoza@infotec.mx was added to queue: [GLPI #0000002] New user in assignees ERROR SIISNE (Correo Nro.09)
2020-02-21 20:37:41 [16@glpi]
An email to alberto.mendoza@infotec.mx was added to queue: [GLPI #0000002] New user in assignees ERROR SIISNE (Correo Nro.09)
2020-02-21 20:54:17 [16@glpi]
An email to alberto.mendoza@infotec.mx was added to queue: [GLPI #0000004] New user in assignees RV: CORREO WISE (Correo Nro.14)
2020-02-21 21:53:47 [12@glpi]
An email was sent to alberto.mendoza@infotec.mx: [GLPI #0000004] New user in assignees RV: CORREO WISE (Correo Nro.14)
2020-02-21 21:53:58 [12@glpi]
An email to hermann.benda@infotec.mx was added to queue: [GLPI #0000004] New user in assignees RV: CORREO WISE (Correo Nro.14)
2020-02-21 21:54:21 [12@glpi]
An email was sent to hermann.benda@infotec.mx: [GLPI #0000004] New user in assignees RV: CORREO WISE (Correo Nro.14)
2020-02-21 22:13:32 [12@glpi]
An email to alberto.mendoza@infotec.mx was added to queue: [GLPI #0000005] New user in requesters Actualizaciones SIISNE para inicio de operación nuevos procesos [RV: Temas sistemas DVIO] (Correo Nro.15)
2020-02-21 22:13:32 [12@glpi]
An email to hermann.benda@infotec.mx was added to queue: [GLPI #0000005] New user in observers Actualizaciones SIISNE para inicio de operación nuevos procesos [RV: Temas sistemas DVIO] (Correo Nro.15)
2020-02-21 22:13:32 [12@glpi]
An email was sent to alberto.mendoza@infotec.mx: [GLPI #0000005] New user in requesters Actualizaciones SIISNE para inicio de operación nuevos procesos [RV: Temas sistemas DVIO] (Correo Nro.15)
2020-02-21 22:13:32 [12@glpi]
An email to hermann.benda@infotec.mx was added to queue: [GLPI #0000005] New user in assignees Actualizaciones SIISNE para inicio de operación nuevos procesos [RV: Temas sistemas DVIO] (Correo Nro.15)
2020-02-21 22:13:32 [12@glpi]
An email to ma_stps@infotec.mx was added to queue: [GLPI #0000005] Nuevo ticket Actualizaciones SIISNE para inicio de operación nuevos procesos [RV: Temas sistemas DVIO] (Correo Nro.15)
2020-02-21 22:13:33 [12@glpi]
An email to alberto.mendoza@infotec.mx was added to queue: [GLPI #0000005] Nuevo incidente Actualizaciones SIISNE para inicio de operación nuevos procesos [RV: Temas sistemas DVIO] (Correo Nro.15)
2020-02-21 22:13:33 [12@glpi]
An email to hermann.benda@infotec.mx was added to queue: [GLPI #0000005] Nuevo ticket Actualizaciones SIISNE para inicio de operación nuevos procesos [RV: Temas sistemas DVIO] (Correo Nro.15)
2020-02-21 22:13:33 [12@glpi]
An email was sent to ma_stps@infotec.mx: [GLPI #0000005] Nuevo ticket Actualizaciones SIISNE para inicio de operación nuevos procesos [RV: Temas sistemas DVIO] (Correo Nro.15)
2020-02-21 22:23:18 [12@glpi]
An email was sent to alberto.mendoza@infotec.mx: [GLPI #0000005] Nuevo incidente Actualizaciones SIISNE para inicio de operación nuevos procesos [RV: Temas sistemas DVIO] (Correo Nro.15)
2020-02-21 22:24:21 [12@glpi]
An email was sent to alberto.mendoza@infotec.mx: [GLPI #0000002] New user in assignees ERROR SIISNE (Correo Nro.09)
2020-02-21 22:24:21 [12@glpi]
An email was sent to hermann.benda@infotec.mx: [GLPI #0000005] Nuevo ticket Actualizaciones SIISNE para inicio de operación nuevos procesos [RV: Temas sistemas DVIO] (Correo Nro.15)
2020-02-21 22:29:46 [12@glpi]
An email to alberto.mendoza@infotec.mx was added to queue: [GLPI #0000006] New user in requesters Actualizaciones SIISNE para inicio de operación nuevos procesos [RV: Temas sistemas DVIO] (Correo Nro.25)
2020-02-21 22:29:46 [12@glpi]
An email to hermann.benda@infotec.mx was added to queue: [GLPI #0000006] New user in observers Actualizaciones SIISNE para inicio de operación nuevos procesos [RV: Temas sistemas DVIO] (Correo Nro.25)
2020-02-21 22:29:46 [12@glpi]
An email to hermann.benda@infotec.mx was added to queue: [GLPI #0000006] New user in assignees Actualizaciones SIISNE para inicio de operación nuevos procesos [RV: Temas sistemas DVIO] (Correo Nro.25)
2020-02-21 22:29:46 [12@glpi]
An email to ma_stps@infotec.mx was added to queue: [GLPI #0000006] Nuevo ticket Actualizaciones SIISNE para inicio de operación nuevos procesos [RV: Temas sistemas DVIO] (Correo Nro.25)
2020-02-21 22:29:46 [12@glpi]
An email to alberto.mendoza@infotec.mx was added to queue: [GLPI #0000006] Nuevo incidente Actualizaciones SIISNE para inicio de operación nuevos procesos [RV: Temas sistemas DVIO] (Correo Nro.25)
2020-02-21 22:29:46 [12@glpi]
An email to hermann.benda@infotec.mx was added to queue: [GLPI #0000006] Nuevo ticket Actualizaciones SIISNE para inicio de operación nuevos procesos [RV: Temas sistemas DVIO] (Correo Nro.25)
2020-02-21 22:30:20 [12@glpi]
An email was sent to ma_stps@infotec.mx: [GLPI #0000006] Nuevo ticket Actualizaciones SIISNE para inicio de operación nuevos procesos [RV: Temas sistemas DVIO] (Correo Nro.25)
2020-02-21 22:34:41 [12@glpi]
An email to alberto.mendoza@infotec.mx was added to queue: [GLPI #0000007] New user in requesters Falla en SIISNE (Correo Nro.42)
2020-02-21 22:34:41 [12@glpi]
An email to hermann.benda@infotec.mx was added to queue: [GLPI #0000007] New user in observers Falla en SIISNE (Correo Nro.42)
2020-02-21 22:34:41 [12@glpi]
An email to hermann.benda@infotec.mx was added to queue: [GLPI #0000007] New user in assignees Falla en SIISNE (Correo Nro.42)
2020-02-21 22:34:41 [12@glpi]
An email to ma_stps@infotec.mx was added to queue: [GLPI #0000007] Nuevo ticket Falla en SIISNE (Correo Nro.42)
2020-02-21 22:34:41 [12@glpi]
An email to alberto.mendoza@infotec.mx was added to queue: [GLPI #0000007] Nuevo incidente Falla en SIISNE (Correo Nro.42)
2020-02-21 22:34:42 [12@glpi]
An email to hermann.benda@infotec.mx was added to queue: [GLPI #0000007] Nuevo ticket Falla en SIISNE (Correo Nro.42)
2020-02-21 22:34:42 [12@glpi]
An email was sent to ma_stps@infotec.mx: [GLPI #0000007] Nuevo ticket Falla en SIISNE (Correo Nro.42)
2020-02-21 22:35:04 [12@glpi]
An email was sent to alberto.mendoza@infotec.mx: [GLPI #0000007] Nuevo incidente Falla en SIISNE (Correo Nro.42)
2020-02-21 22:37:53 [12@glpi]
An email to alberto.mendoza@infotec.mx was added to queue: [GLPI #0000008] New user in requesters SIISNE ALTA USUARIOS (Correo Nro.47)
2020-02-21 22:37:53 [12@glpi]
An email to hermann.benda@infotec.mx was added to queue: [GLPI #0000008] New user in observers SIISNE ALTA USUARIOS (Correo Nro.47)
2020-02-21 22:37:53 [12@glpi]
An email was sent to alberto.mendoza@infotec.mx: [GLPI #0000008] New user in requesters SIISNE ALTA USUARIOS (Correo Nro.47)
2020-02-21 22:37:53 [12@glpi]
An email to hermann.benda@infotec.mx was added to queue: [GLPI #0000008] New user in assignees SIISNE ALTA USUARIOS (Correo Nro.47)
2020-02-21 22:37:53 [12@glpi]
An email to ma_stps@infotec.mx was added to queue: [GLPI #0000008] Nuevo ticket SIISNE ALTA USUARIOS (Correo Nro.47)
2020-02-21 22:37:53 [12@glpi]
An email to alberto.mendoza@infotec.mx was added to queue: [GLPI #0000008] Nuevo incidente SIISNE ALTA USUARIOS (Correo Nro.47)
2020-02-21 22:37:53 [12@glpi]
An email to hermann.benda@infotec.mx was added to queue: [GLPI #0000008] Nuevo ticket SIISNE ALTA USUARIOS (Correo Nro.47)
2020-02-21 22:37:54 [12@glpi]
An email was sent to ma_stps@infotec.mx: [GLPI #0000008] Nuevo ticket SIISNE ALTA USUARIOS (Correo Nro.47)
2020-02-21 22:44:52 [12@glpi]
An email to alberto.mendoza@infotec.mx was added to queue: [GLPI #0000009] New user in requesters Cambio de estatus y fecha de evento id 38196 (Correo Nro.60)
2020-02-21 22:44:52 [12@glpi]
An email to hermann.benda@infotec.mx was added to queue: [GLPI #0000009] New user in observers Cambio de estatus y fecha de evento id 38196 (Correo Nro.60)
2020-02-21 22:44:52 [12@glpi]
An email to hermann.benda@infotec.mx was added to queue: [GLPI #0000009] New user in assignees Cambio de estatus y fecha de evento id 38196 (Correo Nro.60)
2020-02-21 22:44:52 [12@glpi]
An email to ma_stps@infotec.mx was added to queue: [GLPI #0000009] Nuevo ticket Cambio de estatus y fecha de evento id 38196 (Correo Nro.60)
2020-02-21 22:44:52 [12@glpi]
An email to alberto.mendoza@infotec.mx was added to queue: [GLPI #0000009] Nuevo incidente Cambio de estatus y fecha de evento id 38196 (Correo Nro.60)
2020-02-21 22:44:52 [12@glpi]
An email to hermann.benda@infotec.mx was added to queue: [GLPI #0000009] Nuevo ticket Cambio de estatus y fecha de evento id 38196 (Correo Nro.60)
2020-02-21 22:45:18 [12@glpi]
An email was sent to ma_stps@infotec.mx: [GLPI #0000009] Nuevo ticket Cambio de estatus y fecha de evento id 38196 (Correo Nro.60)
2020-02-21 22:45:32 [12@glpi]
An email was sent to alberto.mendoza@infotec.mx: [GLPI #0000008] Nuevo incidente SIISNE ALTA USUARIOS (Correo Nro.47)
2020-02-21 22:46:33 [12@glpi]
An email to leonardo.galicia@infotec.mx was added to queue: [GLPI #0000008] New user in assignees SIISNE ALTA USUARIOS (Correo Nro.47)
2020-02-21 22:46:33 [12@glpi]
An email was sent to hermann.benda@infotec.mx: [GLPI #0000008] Nuevo ticket SIISNE ALTA USUARIOS (Correo Nro.47)
2020-02-21 23:06:28 [16@glpi]
Correo de seguimiento enviado a alberto.mendoza@infotec.mx: [GLPI #0000006] Nuevo incidente Actualizaciones SIISNE para inicio de operación nuevos procesos [RV: Temas sistemas DVIO] (Correo Nro.25)
2020-02-21 23:06:29 [16@glpi]
Correo de seguimiento enviado a hermann.benda@infotec.mx: [GLPI #0000006] Nuevo ticket Actualizaciones SIISNE para inicio de operación nuevos procesos [RV: Temas sistemas DVIO] (Correo Nro.25)
2020-02-21 23:06:29 [16@glpi]
Correo de seguimiento enviado a hermann.benda@infotec.mx: [GLPI #0000007] Nuevo ticket Falla en SIISNE (Correo Nro.42)
2020-02-21 23:06:30 [16@glpi]
Correo de seguimiento enviado a alberto.mendoza@infotec.mx: [GLPI #0000009] Nuevo incidente Cambio de estatus y fecha de evento id 38196 (Correo Nro.60)
2020-02-21 23:06:31 [16@glpi]
Correo de seguimiento enviado a hermann.benda@infotec.mx: [GLPI #0000009] Nuevo ticket Cambio de estatus y fecha de evento id 38196 (Correo Nro.60)
2020-02-21 23:06:31 [16@glpi]
Correo de seguimiento enviado a leonardo.galicia@infotec.mx: [GLPI #0000008] New user in assignees SIISNE ALTA USUARIOS (Correo Nro.47)
2020-02-21 23:19:07 [16@glpi]
An email to alberto.mendoza@infotec.mx was added to queue: [GLPI #0000010] New user in requesters Interoperabilidad de plataformas - Jóvenes Construyendo el Futuro vs SNE
2020-02-21 23:19:07 [16@glpi]
An email to hermann.benda@infotec.mx was added to queue: [GLPI #0000010] New user in observers Interoperabilidad de plataformas - Jóvenes Construyendo el Futuro vs SNE
2020-02-21 23:19:07 [16@glpi]
An email to alberto.mendoza@infotec.mx was added to queue: [GLPI #0000010] New user in assignees Interoperabilidad de plataformas - Jóvenes Construyendo el Futuro vs SNE
2020-02-21 23:19:07 [16@glpi]
An email to ma_stps@infotec.mx was added to queue: [GLPI #0000010] Nuevo ticket Interoperabilidad de plataformas - Jóvenes Construyendo el Futuro vs SNE
2020-02-21 23:19:07 [16@glpi]
An email to alberto.mendoza@infotec.mx was added to queue: [GLPI #0000010] Nuevo incidente Interoperabilidad de plataformas - Jóvenes Construyendo el Futuro vs SNE
2020-02-21 23:19:07 [16@glpi]
An email to hermann.benda@infotec.mx was added to queue: [GLPI #0000010] Nuevo ticket Interoperabilidad de plataformas - Jóvenes Construyendo el Futuro vs SNE
2020-02-21 23:20:20 [16@glpi]
Correo de seguimiento enviado a ma_stps@infotec.mx: [GLPI #0000010] Nuevo ticket Interoperabilidad de plataformas - Jóvenes Construyendo el Futuro vs SNE
2020-02-21 23:21:00 [16@glpi]
Correo de seguimiento enviado a alberto.mendoza@infotec.mx: [GLPI #0000010] Nuevo incidente Interoperabilidad de plataformas - Jóvenes Construyendo el Futuro vs SNE
2020-02-21 23:21:15 [16@glpi]
Correo de seguimiento enviado a hermann.benda@infotec.mx: [GLPI #0000010] Nuevo ticket Interoperabilidad de plataformas - Jóvenes Construyendo el Futuro vs SNE
2020-02-21 23:21:41 [16@glpi]
An email to ma_stps@infotec.mx was added to queue: [GLPI #0000010] Nuevo seguimiento para esta incidencia Interoperabilidad de plataformas - Jóvenes Construyendo el Futuro vs SNE
2020-02-21 23:21:41 [16@glpi]
An email to alberto.mendoza@infotec.mx was added to queue: [GLPI #0000010] Nuevo seguimiento Interoperabilidad de plataformas - Jóvenes Construyendo el Futuro vs SNE
2020-02-21 23:21:41 [16@glpi]
An email to hermann.benda@infotec.mx was added to queue: [GLPI #0000010] Nuevo seguimiento para esta incidencia Interoperabilidad de plataformas - Jóvenes Construyendo el Futuro vs SNE
2020-02-24 15:39:19 [@glpi]
An email was sent to ma_stps@infotec.mx: [GLPI #0000010] Nuevo seguimiento para esta incidencia Interoperabilidad de plataformas - Jóvenes Construyendo el Futuro vs SNE
2020-02-24 15:39:21 [@glpi]
An email was sent to alberto.mendoza@infotec.mx: [GLPI #0000010] Nuevo seguimiento Interoperabilidad de plataformas - Jóvenes Construyendo el Futuro vs SNE
2020-02-24 15:39:23 [@glpi]
An email was sent to hermann.benda@infotec.mx: [GLPI #0000010] Nuevo seguimiento para esta incidencia Interoperabilidad de plataformas - Jóvenes Construyendo el Futuro vs SNE
2020-02-24 16:41:00 [16@glpi]
An email to felipe.reyes@infotec.mx was added to queue: [GLPI #0000010] New user in assignees Interoperabilidad de plataformas - Jóvenes Construyendo el Futuro vs SNE
2020-02-24 16:56:19 [16@glpi]
An email to alberto.mendoza@infotec.mx was added to queue: [GLPI #0000011] New user in requesters Interconexión SIISNE y SISPAEW
2020-02-24 16:56:19 [16@glpi]
An email to hermann.benda@infotec.mx was added to queue: [GLPI #0000011] New user in observers Interconexión SIISNE y SISPAEW
2020-02-24 16:56:19 [16@glpi]
An email to felipe.reyes@infotec.mx was added to queue: [GLPI #0000011] New user in assignees Interconexión SIISNE y SISPAEW
2020-02-24 16:56:19 [16@glpi]
An email to ma_stps@infotec.mx was added to queue: [GLPI #0000011] Nuevo ticket Interconexión SIISNE y SISPAEW
2020-02-24 16:56:19 [16@glpi]
An email to alberto.mendoza@infotec.mx was added to queue: [GLPI #0000011] Nuevo incidente Interconexión SIISNE y SISPAEW
2020-02-24 16:56:19 [16@glpi]
An email to hermann.benda@infotec.mx was added to queue: [GLPI #0000011] Nuevo ticket Interconexión SIISNE y SISPAEW
2020-02-24 16:56:44 [16@glpi]
Correo de seguimiento enviado a felipe.reyes@infotec.mx: [GLPI #0000011] New user in assignees Interconexión SIISNE y SISPAEW
2020-02-24 16:57:16 [16@glpi]
Correo de seguimiento enviado a ma_stps@infotec.mx: [GLPI #0000011] Nuevo ticket Interconexión SIISNE y SISPAEW
2020-02-24 16:57:35 [16@glpi]
An email to ma_stps@infotec.mx was added to queue: [GLPI #0000011] Nuevo seguimiento para esta incidencia Interconexión SIISNE y SISPAEW
2020-02-24 16:57:35 [16@glpi]
An email to alberto.mendoza@infotec.mx was added to queue: [GLPI #0000011] Nuevo seguimiento Interconexión SIISNE y SISPAEW
2020-02-24 16:57:35 [16@glpi]
An email to hermann.benda@infotec.mx was added to queue: [GLPI #0000011] Nuevo seguimiento para esta incidencia Interconexión SIISNE y SISPAEW
2020-02-24 17:01:42 [16@glpi]
An email to felipe.reyes@infotec.mx was added to queue: [GLPI #0000010] New user in assignees Interoperabilidad de plataformas - Jóvenes Construyendo el Futuro vs SNE
2020-02-24 17:09:02 [16@glpi]
An email to alberto.mendoza@infotec.mx was added to queue: [GLPI #0000012] New user in requesters Sistema de citas para cumplir con el procedimiento de Recepción y registro en Bolsa de Trabajo.
2020-02-24 17:09:02 [16@glpi]
An email to hermann.benda@infotec.mx was added to queue: [GLPI #0000012] New user in observers Sistema de citas para cumplir con el procedimiento de Recepción y registro en Bolsa de Trabajo.
2020-02-24 17:09:02 [16@glpi]
An email to felipe.reyes@infotec.mx was added to queue: [GLPI #0000012] New user in assignees Sistema de citas para cumplir con el procedimiento de Recepción y registro en Bolsa de Trabajo.
2020-02-24 17:09:03 [16@glpi]
An email to ma_stps@infotec.mx was added to queue: [GLPI #0000012] Nuevo ticket Sistema de citas para cumplir con el procedimiento de Recepción y registro en Bolsa de Trabajo.
2020-02-24 17:09:03 [16@glpi]
An email to alberto.mendoza@infotec.mx was added to queue: [GLPI #0000012] Nuevo incidente Sistema de citas para cumplir con el procedimiento de Recepción y registro en Bolsa de Trabajo.
2020-02-24 17:09:03 [16@glpi]
An email to hermann.benda@infotec.mx was added to queue: [GLPI #0000012] Nuevo ticket Sistema de citas para cumplir con el procedimiento de Recepción y registro en Bolsa de Trabajo.
2020-02-24 17:09:04 [16@glpi]
Correo de seguimiento enviado a felipe.reyes@infotec.mx: [GLPI #0000012] New user in assignees Sistema de citas para cumplir con el procedimiento de Recepción y registro en Bolsa de Trabajo.
2020-02-24 18:43:23 [16@glpi]
An email to ma_stps@infotec.mx was added to queue: [GLPI #0000010] New task Interoperabilidad de plataformas - Jóvenes Construyendo el Futuro vs SNE
2020-02-24 18:43:23 [16@glpi]
An email to alberto.mendoza@infotec.mx was added to queue: [GLPI #0000010] Nueva tarea Interoperabilidad de plataformas - Jóvenes Construyendo el Futuro vs SNE
2020-02-24 18:43:23 [16@glpi]
An email to hermann.benda@infotec.mx was added to queue: [GLPI #0000010] New task Interoperabilidad de plataformas - Jóvenes Construyendo el Futuro vs SNE
2020-02-24 18:43:28 [16@glpi]
An email to ma_stps@infotec.mx was added to queue: [GLPI #0000010] Update of a task Interoperabilidad de plataformas - Jóvenes Construyendo el Futuro vs SNE
2020-02-24 18:43:28 [16@glpi]
An email to alberto.mendoza@infotec.mx was added to queue: [GLPI #0000010] Actualización de una tarea Interoperabilidad de plataformas - Jóvenes Construyendo el Futuro vs SNE
2020-02-24 18:43:28 [16@glpi]
An email to hermann.benda@infotec.mx was added to queue: [GLPI #0000010] Update of a task Interoperabilidad de plataformas - Jóvenes Construyendo el Futuro vs SNE
2020-02-24 18:43:31 [16@glpi]
An email to ma_stps@infotec.mx was added to queue: [GLPI #0000010] Update of a task Interoperabilidad de plataformas - Jóvenes Construyendo el Futuro vs SNE
2020-02-24 18:43:31 [16@glpi]
An email to alberto.mendoza@infotec.mx was added to queue: [GLPI #0000010] Actualización de una tarea Interoperabilidad de plataformas - Jóvenes Construyendo el Futuro vs SNE
2020-02-24 18:43:31 [16@glpi]
An email to hermann.benda@infotec.mx was added to queue: [GLPI #0000010] Update of a task Interoperabilidad de plataformas - Jóvenes Construyendo el Futuro vs SNE
2020-02-24 18:49:37 [16@glpi]
An email to alberto.mendoza@infotec.mx was added to queue: [GLPI #0000013] New user in requesters Registro de opciones de derivación para el buscador de empleo 
2020-02-24 18:49:37 [16@glpi]
An email to hermann.benda@infotec.mx was added to queue: [GLPI #0000013] New user in observers Registro de opciones de derivación para el buscador de empleo 
2020-02-24 18:49:37 [16@glpi]
An email to alberto.mendoza@infotec.mx was added to queue: [GLPI #0000013] New user in assignees Registro de opciones de derivación para el buscador de empleo 
2020-02-24 18:49:37 [16@glpi]
An email to ma_stps@infotec.mx was added to queue: [GLPI #0000013] Nuevo ticket Registro de opciones de derivación para el buscador de empleo 
2020-02-24 18:49:37 [16@glpi]
An email to alberto.mendoza@infotec.mx was added to queue: [GLPI #0000013] Nuevo incidente Registro de opciones de derivación para el buscador de empleo 
2020-02-24 18:49:37 [16@glpi]
An email to hermann.benda@infotec.mx was added to queue: [GLPI #0000013] Nuevo ticket Registro de opciones de derivación para el buscador de empleo 
2020-02-24 19:05:21 [12@glpi]
An email was sent to ma_stps@infotec.mx: [GLPI #0000011] Nuevo seguimiento para esta incidencia Interconexión SIISNE y SISPAEW
2020-02-24 19:05:22 [12@glpi]
An email was sent to alberto.mendoza@infotec.mx: [GLPI #0000011] Nuevo seguimiento Interconexión SIISNE y SISPAEW
2020-02-24 19:05:23 [12@glpi]
An email was sent to hermann.benda@infotec.mx: [GLPI #0000011] Nuevo seguimiento para esta incidencia Interconexión SIISNE y SISPAEW
2020-02-24 19:05:25 [12@glpi]
An email was sent to felipe.reyes@infotec.mx: [GLPI #0000010] New user in assignees Interoperabilidad de plataformas - Jóvenes Construyendo el Futuro vs SNE
2020-02-24 19:05:26 [12@glpi]
An email was sent to ma_stps@infotec.mx: [GLPI #0000012] Nuevo ticket Sistema de citas para cumplir con el procedimiento de Recepción y registro en Bolsa de Trabajo.
2020-02-24 19:05:28 [12@glpi]
An email was sent to alberto.mendoza@infotec.mx: [GLPI #0000012] Nuevo incidente Sistema de citas para cumplir con el procedimiento de Recepción y registro en Bolsa de Trabajo.
2020-02-24 19:05:29 [12@glpi]
An email was sent to hermann.benda@infotec.mx: [GLPI #0000012] Nuevo ticket Sistema de citas para cumplir con el procedimiento de Recepción y registro en Bolsa de Trabajo.
2020-02-24 19:05:31 [12@glpi]
An email was sent to ma_stps@infotec.mx: [GLPI #0000010] Update of a task Interoperabilidad de plataformas - Jóvenes Construyendo el Futuro vs SNE
2020-02-24 19:05:32 [12@glpi]
An email was sent to alberto.mendoza@infotec.mx: [GLPI #0000010] Actualización de una tarea Interoperabilidad de plataformas - Jóvenes Construyendo el Futuro vs SNE
2020-02-24 19:05:34 [12@glpi]
An email was sent to hermann.benda@infotec.mx: [GLPI #0000010] Update of a task Interoperabilidad de plataformas - Jóvenes Construyendo el Futuro vs SNE
2020-02-24 19:05:35 [12@glpi]
An email was sent to ma_stps@infotec.mx: [GLPI #0000013] Nuevo ticket Registro de opciones de derivación para el buscador de empleo 
2020-02-24 19:05:37 [12@glpi]
An email was sent to alberto.mendoza@infotec.mx: [GLPI #0000013] Nuevo incidente Registro de opciones de derivación para el buscador de empleo 
2020-02-24 19:05:38 [12@glpi]
An email was sent to hermann.benda@infotec.mx: [GLPI #0000013] Nuevo ticket Registro de opciones de derivación para el buscador de empleo 
2020-02-24 20:57:18 [4@glpi]
An email to ma_stps@infotec.mx was added to queue: [GLPI #0000010] Update of a task Interoperabilidad de plataformas - Jóvenes Construyendo el Futuro vs SNE
2020-02-24 20:57:18 [4@glpi]
An email to alberto.mendoza@infotec.mx was added to queue: [GLPI #0000010] Actualización de una tarea Interoperabilidad de plataformas - Jóvenes Construyendo el Futuro vs SNE
2020-02-24 20:57:18 [4@glpi]
An email to hermann.benda@infotec.mx was added to queue: [GLPI #0000010] Actualización de una tarea Interoperabilidad de plataformas - Jóvenes Construyendo el Futuro vs SNE
2020-02-24 20:57:19 [4@glpi]
An email to ma_stps@infotec.mx was added to queue: [GLPI #0000010] Update of a task Interoperabilidad de plataformas - Jóvenes Construyendo el Futuro vs SNE
2020-02-24 20:57:19 [4@glpi]
An email to alberto.mendoza@infotec.mx was added to queue: [GLPI #0000010] Actualización de una tarea Interoperabilidad de plataformas - Jóvenes Construyendo el Futuro vs SNE
2020-02-24 20:57:19 [4@glpi]
An email to hermann.benda@infotec.mx was added to queue: [GLPI #0000010] Actualización de una tarea Interoperabilidad de plataformas - Jóvenes Construyendo el Futuro vs SNE
2020-02-24 20:59:26 [12@glpi]
An email to felipe.reyes@infotec.mx was added to queue: [GLPI #0000010] New user in assignees Interoperabilidad de plataformas - Jóvenes Construyendo el Futuro vs SNE
2020-02-24 20:59:26 [12@glpi]
An email to leonardo.galicia@infotec.mx was added to queue: [GLPI #0000010] New user in assignees Interoperabilidad de plataformas - Jóvenes Construyendo el Futuro vs SNE
2020-02-24 20:59:27 [12@glpi]
Correo de seguimiento enviado a ma_stps@infotec.mx: [GLPI #0000010] Update of a task Interoperabilidad de plataformas - Jóvenes Construyendo el Futuro vs SNE
2020-02-24 21:04:19 [12@glpi]
An email to ma_stps@infotec.mx was added to queue: [GLPI #0000010] Actualización de una tarea Interoperabilidad de plataformas - Jóvenes Construyendo el Futuro vs SNE
2020-02-24 21:04:19 [12@glpi]
An email to alberto.mendoza@infotec.mx was added to queue: [GLPI #0000010] Actualización de una tarea Interoperabilidad de plataformas - Jóvenes Construyendo el Futuro vs SNE
2020-02-24 21:04:19 [12@glpi]
An email to hermann.benda@infotec.mx was added to queue: [GLPI #0000010] Actualización de una tarea Interoperabilidad de plataformas - Jóvenes Construyendo el Futuro vs SNE
2020-02-24 21:05:25 [12@glpi]
An email to ma_stps@infotec.mx was added to queue: [GLPI #0000010] Actualización de una tarea Interoperabilidad de plataformas - Jóvenes Construyendo el Futuro vs SNE
2020-02-24 21:05:25 [12@glpi]
An email to alberto.mendoza@infotec.mx was added to queue: [GLPI #0000010] Actualización de una tarea Interoperabilidad de plataformas - Jóvenes Construyendo el Futuro vs SNE
2020-02-24 21:05:25 [12@glpi]
An email to hermann.benda@infotec.mx was added to queue: [GLPI #0000010] Actualización de una tarea Interoperabilidad de plataformas - Jóvenes Construyendo el Futuro vs SNE
2020-02-24 21:13:42 [12@glpi]
Correo de seguimiento enviado a felipe.reyes@infotec.mx: [GLPI #0000010] New user in assignees Interoperabilidad de plataformas - Jóvenes Construyendo el Futuro vs SNE
2020-02-24 21:13:44 [12@glpi]
Correo de seguimiento enviado a leonardo.galicia@infotec.mx: [GLPI #0000010] New user in assignees Interoperabilidad de plataformas - Jóvenes Construyendo el Futuro vs SNE
2020-02-24 21:13:44 [12@glpi]
An email to felipe.reyes@infotec.mx was added to queue: [GLPI #0000010] New user in assignees Interoperabilidad de plataformas - Jóvenes Construyendo el Futuro vs SNE
2020-02-24 21:13:44 [12@glpi]
An email to leonardo.galicia@infotec.mx was added to queue: [GLPI #0000010] New user in assignees Interoperabilidad de plataformas - Jóvenes Construyendo el Futuro vs SNE
2020-02-24 21:13:44 [12@glpi]
An email to brenda.munguia@infotec.mx was added to queue: [GLPI #0000010] New user in assignees Interoperabilidad de plataformas - Jóvenes Construyendo el Futuro vs SNE
2020-02-24 21:13:46 [12@glpi]
Correo de seguimiento enviado a ma_stps@infotec.mx: [GLPI #0000010] Actualización de una tarea Interoperabilidad de plataformas - Jóvenes Construyendo el Futuro vs SNE
2020-02-24 21:13:52 [12@glpi]
Correo de seguimiento enviado a alberto.mendoza@infotec.mx: [GLPI #0000010] Actualización de una tarea Interoperabilidad de plataformas - Jóvenes Construyendo el Futuro vs SNE
2020-02-24 21:13:53 [12@glpi]
Correo de seguimiento enviado a hermann.benda@infotec.mx: [GLPI #0000010] Actualización de una tarea Interoperabilidad de plataformas - Jóvenes Construyendo el Futuro vs SNE
2020-02-24 21:13:54 [12@glpi]
Correo de seguimiento enviado a felipe.reyes@infotec.mx: [GLPI #0000010] New user in assignees Interoperabilidad de plataformas - Jóvenes Construyendo el Futuro vs SNE
2020-02-24 21:13:56 [12@glpi]
Correo de seguimiento enviado a leonardo.galicia@infotec.mx: [GLPI #0000010] New user in assignees Interoperabilidad de plataformas - Jóvenes Construyendo el Futuro vs SNE
2020-02-24 21:13:58 [12@glpi]
Correo de seguimiento enviado a brenda.munguia@infotec.mx: [GLPI #0000010] New user in assignees Interoperabilidad de plataformas - Jóvenes Construyendo el Futuro vs SNE
2020-02-24 21:14:21 [12@glpi]
An email to andrea.arizmendi@infotec.mx was added to queue: [GLPI #0000010] New user in assignees Interoperabilidad de plataformas - Jóvenes Construyendo el Futuro vs SNE
2020-02-24 21:14:21 [12@glpi]
An email to felipe.reyes@infotec.mx was added to queue: [GLPI #0000010] New user in assignees Interoperabilidad de plataformas - Jóvenes Construyendo el Futuro vs SNE
2020-02-24 21:14:21 [12@glpi]
An email to leonardo.galicia@infotec.mx was added to queue: [GLPI #0000010] New user in assignees Interoperabilidad de plataformas - Jóvenes Construyendo el Futuro vs SNE
2020-02-24 21:14:21 [12@glpi]
An email to brenda.munguia@infotec.mx was added to queue: [GLPI #0000010] New user in assignees Interoperabilidad de plataformas - Jóvenes Construyendo el Futuro vs SNE
2020-02-24 21:14:42 [12@glpi]
An email to andrea.arizmendi@infotec.mx was added to queue: [GLPI #0000010] New user in assignees Interoperabilidad de plataformas - Jóvenes Construyendo el Futuro vs SNE
2020-02-24 21:14:42 [12@glpi]
An email to josel1204@gmail.com was added to queue: [GLPI #0000010] New user in assignees Interoperabilidad de plataformas - Jóvenes Construyendo el Futuro vs SNE
2020-02-24 21:14:42 [12@glpi]
An email to felipe.reyes@infotec.mx was added to queue: [GLPI #0000010] New user in assignees Interoperabilidad de plataformas - Jóvenes Construyendo el Futuro vs SNE
2020-02-24 21:14:42 [12@glpi]
An email to leonardo.galicia@infotec.mx was added to queue: [GLPI #0000010] New user in assignees Interoperabilidad de plataformas - Jóvenes Construyendo el Futuro vs SNE
2020-02-24 21:14:42 [12@glpi]
An email to brenda.munguia@infotec.mx was added to queue: [GLPI #0000010] New user in assignees Interoperabilidad de plataformas - Jóvenes Construyendo el Futuro vs SNE
2020-02-24 21:34:09 [@glpi]
Correo de seguimiento enviado a andrea.arizmendi@infotec.mx: [GLPI #0000010] New user in assignees Interoperabilidad de plataformas - Jóvenes Construyendo el Futuro vs SNE
2020-02-24 21:34:11 [@glpi]
Correo de seguimiento enviado a josel1204@gmail.com: [GLPI #0000010] New user in assignees Interoperabilidad de plataformas - Jóvenes Construyendo el Futuro vs SNE
2020-02-24 21:34:13 [@glpi]
Correo de seguimiento enviado a felipe.reyes@infotec.mx: [GLPI #0000010] New user in assignees Interoperabilidad de plataformas - Jóvenes Construyendo el Futuro vs SNE
2020-02-24 21:34:15 [@glpi]
Correo de seguimiento enviado a leonardo.galicia@infotec.mx: [GLPI #0000010] New user in assignees Interoperabilidad de plataformas - Jóvenes Construyendo el Futuro vs SNE
2020-02-24 21:34:17 [@glpi]
Correo de seguimiento enviado a brenda.munguia@infotec.mx: [GLPI #0000010] New user in assignees Interoperabilidad de plataformas - Jóvenes Construyendo el Futuro vs SNE
2020-02-25 00:00:24 [12@glpi]
An email to hermann.benda@infotec.mx was added to queue: [GLPI #0000001] Nuevo cambio PRueba cambio 1
2020-02-25 00:00:24 [12@glpi]
An email to ma_stps@infotec.mx was added to queue: [GLPI #0000001] Nuevo cambio PRueba cambio 1
2020-02-25 00:00:24 [12@glpi]
An email to alberto.mendoza@infotec.mx was added to queue: [GLPI #0000001] Nuevo cambio PRueba cambio 1
2020-02-25 00:02:50 [12@glpi]
An email to hermann.benda@infotec.mx was added to queue: [GLPI #0000001] Deleting a change PRueba cambio 1
2020-02-25 00:02:50 [12@glpi]
An email to ma_stps@infotec.mx was added to queue: [GLPI #0000001] Deleting a change PRueba cambio 1
2020-02-25 00:02:50 [12@glpi]
An email to alberto.mendoza@infotec.mx was added to queue: [GLPI #0000001] Deleting a change PRueba cambio 1
2020-02-25 00:06:31 [12@glpi]
Correo de seguimiento enviado a hermann.benda@infotec.mx: [GLPI #0000001] Deleting a change PRueba cambio 1
2020-02-25 00:06:32 [12@glpi]
Correo de seguimiento enviado a ma_stps@infotec.mx: [GLPI #0000001] Deleting a change PRueba cambio 1
2020-02-25 00:06:33 [12@glpi]
Correo de seguimiento enviado a alberto.mendoza@infotec.mx: [GLPI #0000001] Deleting a change PRueba cambio 1
2020-02-25 18:03:09 [16@glpi]
An email to alberto.mendoza@infotec.mx was added to queue: [GLPI #0000014] New user in requesters prueba
2020-02-25 18:03:09 [16@glpi]
An email to alberto.mendoza@infotec.mx was added to queue: [GLPI #0000014] New user in assignees prueba
2020-02-25 18:03:09 [16@glpi]
An email to ma_stps@infotec.mx was added to queue: [GLPI #0000014] Nuevo incidente prueba
2020-02-25 18:03:09 [16@glpi]
An email to alberto.mendoza@infotec.mx was added to queue: [GLPI #0000014] Nuevo incidente prueba
2020-02-25 18:05:22 [16@glpi]
Correo de seguimiento enviado a ma_stps@infotec.mx: [GLPI #0000014] Nuevo incidente prueba
2020-02-25 18:36:07 [16@glpi]
An email to ma_stps@infotec.mx was added to queue: [GLPI #0000014] Eliminación de un incidente prueba
2020-02-25 18:36:09 [16@glpi]
Correo de seguimiento enviado a alberto.mendoza@infotec.mx: [GLPI #0000014] Nuevo incidente prueba
2020-02-25 18:39:22 [16@glpi]
An email to felipe.reyes@infotec.mx was added to queue: [GLPI #0000013] New user in assignees Registro de opciones de derivación para el buscador de empleo 
2020-02-25 19:16:08 [16@glpi]
Correo de seguimiento enviado a ma_stps@infotec.mx: [GLPI #0000014] Eliminación de un incidente prueba
2020-02-25 19:16:09 [16@glpi]
Correo de seguimiento enviado a felipe.reyes@infotec.mx: [GLPI #0000013] New user in assignees Registro de opciones de derivación para el buscador de empleo 
2020-02-25 19:20:24 [16@glpi]
An email to alberto.mendoza@infotec.mx was added to queue: [GLPI #0000015] New user in requesters Habilitar la funcionalidad de registro a Talleres para Buscadores de Empleo desde el SIISNE
2020-02-25 19:20:24 [16@glpi]
An email to hermann.benda@infotec.mx was added to queue: [GLPI #0000015] New user in observers Habilitar la funcionalidad de registro a Talleres para Buscadores de Empleo desde el SIISNE
2020-02-25 19:20:24 [16@glpi]
An email to alberto.mendoza@infotec.mx was added to queue: [GLPI #0000015] New user in assignees Habilitar la funcionalidad de registro a Talleres para Buscadores de Empleo desde el SIISNE
2020-02-25 19:20:24 [16@glpi]
An email to ma_stps@infotec.mx was added to queue: [GLPI #0000015] Nuevo incidente Habilitar la funcionalidad de registro a Talleres para Buscadores de Empleo desde el SIISNE
2020-02-25 19:20:24 [16@glpi]
An email to alberto.mendoza@infotec.mx was added to queue: [GLPI #0000015] Nuevo incidente Habilitar la funcionalidad de registro a Talleres para Buscadores de Empleo desde el SIISNE
2020-02-25 19:20:24 [16@glpi]
An email to hermann.benda@infotec.mx was added to queue: [GLPI #0000015] Nuevo incidente Habilitar la funcionalidad de registro a Talleres para Buscadores de Empleo desde el SIISNE
2020-02-25 19:23:51 [16@glpi]
An email to ma_stps@infotec.mx was added to queue: [GLPI #0000015] Eliminación de un incidente Habilitar la funcionalidad de registro a Talleres para Buscadores de Empleo desde el SIISNE
2020-02-25 19:23:52 [16@glpi]
Correo de seguimiento enviado a alberto.mendoza@infotec.mx: [GLPI #0000015] Nuevo incidente Habilitar la funcionalidad de registro a Talleres para Buscadores de Empleo desde el SIISNE
2020-02-25 19:28:06 [16@glpi]
An email to alberto.mendoza@infotec.mx was added to queue: [GLPI #0000016] New user in requesters Habilitar la funcionalidad de registro a Talleres para Buscadores de Empleo desde el SIISNE
2020-02-25 19:28:06 [16@glpi]
An email to hermann.benda@infotec.mx was added to queue: [GLPI #0000016] New user in observers Habilitar la funcionalidad de registro a Talleres para Buscadores de Empleo desde el SIISNE
2020-02-25 19:28:06 [16@glpi]
An email to alberto.mendoza@infotec.mx was added to queue: [GLPI #0000016] New user in assignees Habilitar la funcionalidad de registro a Talleres para Buscadores de Empleo desde el SIISNE
2020-02-25 19:28:06 [16@glpi]
An email to ma_stps@infotec.mx was added to queue: [GLPI #0000016] Nuevo incidente Habilitar la funcionalidad de registro a Talleres para Buscadores de Empleo desde el SIISNE
2020-02-25 19:28:06 [16@glpi]
An email to alberto.mendoza@infotec.mx was added to queue: [GLPI #0000016] Nuevo incidente Habilitar la funcionalidad de registro a Talleres para Buscadores de Empleo desde el SIISNE
2020-02-25 19:28:06 [16@glpi]
An email to hermann.benda@infotec.mx was added to queue: [GLPI #0000016] Nuevo incidente Habilitar la funcionalidad de registro a Talleres para Buscadores de Empleo desde el SIISNE
2020-02-25 19:30:28 [16@glpi]
An email to ma_stps@infotec.mx was added to queue: [GLPI #0000014] Eliminación de un incidente prueba
2020-02-25 19:30:28 [16@glpi]
An email to ma_stps@infotec.mx was added to queue: [GLPI #0000015] Eliminación de un incidente Habilitar la funcionalidad de registro a Talleres para Buscadores de Empleo desde el SIISNE
2020-02-25 19:30:30 [16@glpi]
Correo de seguimiento enviado a hermann.benda@infotec.mx: [GLPI #0000015] Nuevo incidente Habilitar la funcionalidad de registro a Talleres para Buscadores de Empleo desde el SIISNE
2020-02-25 19:30:31 [16@glpi]
Correo de seguimiento enviado a ma_stps@infotec.mx: [GLPI #0000015] Eliminación de un incidente Habilitar la funcionalidad de registro a Talleres para Buscadores de Empleo desde el SIISNE
2020-02-25 19:30:52 [16@glpi]
An email to ma_stps@infotec.mx was added to queue: [GLPI #0000016] Eliminación de un incidente Habilitar la funcionalidad de registro a Talleres para Buscadores de Empleo desde el SIISNE
2020-02-25 19:30:53 [16@glpi]
Correo de seguimiento enviado a alberto.mendoza@infotec.mx: [GLPI #0000016] Nuevo incidente Habilitar la funcionalidad de registro a Talleres para Buscadores de Empleo desde el SIISNE
2020-02-25 19:31:10 [16@glpi]
An email to ma_stps@infotec.mx was added to queue: [GLPI #0000016] Eliminación de un incidente Habilitar la funcionalidad de registro a Talleres para Buscadores de Empleo desde el SIISNE
2020-02-25 19:31:11 [16@glpi]
Correo de seguimiento enviado a hermann.benda@infotec.mx: [GLPI #0000016] Nuevo incidente Habilitar la funcionalidad de registro a Talleres para Buscadores de Empleo desde el SIISNE
2020-02-25 19:31:12 [16@glpi]
Correo de seguimiento enviado a ma_stps@infotec.mx: [GLPI #0000016] Eliminación de un incidente Habilitar la funcionalidad de registro a Talleres para Buscadores de Empleo desde el SIISNE
2020-02-25 19:33:10 [16@glpi]
An email to alberto.mendoza@infotec.mx was added to queue: [GLPI #0000017] New user in requesters Habilitar la funcionalidad de registro a Talleres para Buscadores de Empleo desde el SIISNE
2020-02-25 19:33:10 [16@glpi]
An email to hermann.benda@infotec.mx was added to queue: [GLPI #0000017] New user in observers Habilitar la funcionalidad de registro a Talleres para Buscadores de Empleo desde el SIISNE
2020-02-25 19:33:10 [16@glpi]
An email to alberto.mendoza@infotec.mx was added to queue: [GLPI #0000017] New user in assignees Habilitar la funcionalidad de registro a Talleres para Buscadores de Empleo desde el SIISNE
2020-02-25 19:33:10 [16@glpi]
An email to ma_stps@infotec.mx was added to queue: [GLPI #0000017] Nuevo incidente Habilitar la funcionalidad de registro a Talleres para Buscadores de Empleo desde el SIISNE
2020-02-25 19:33:10 [16@glpi]
An email to alberto.mendoza@infotec.mx was added to queue: [GLPI #0000017] Nuevo incidente Habilitar la funcionalidad de registro a Talleres para Buscadores de Empleo desde el SIISNE
2020-02-25 19:33:10 [16@glpi]
An email to hermann.benda@infotec.mx was added to queue: [GLPI #0000017] Nuevo incidente Habilitar la funcionalidad de registro a Talleres para Buscadores de Empleo desde el SIISNE
2020-02-25 19:59:19 [12@glpi]
Correo de seguimiento enviado a ma_stps@infotec.mx: [GLPI #0000014] Eliminación de un incidente prueba
2020-02-25 19:59:20 [12@glpi]
Correo de seguimiento enviado a ma_stps@infotec.mx: [GLPI #0000017] Nuevo incidente Habilitar la funcionalidad de registro a Talleres para Buscadores de Empleo desde el SIISNE
2020-02-25 19:59:21 [12@glpi]
Correo de seguimiento enviado a alberto.mendoza@infotec.mx: [GLPI #0000017] Nuevo incidente Habilitar la funcionalidad de registro a Talleres para Buscadores de Empleo desde el SIISNE
2020-02-25 19:59:22 [12@glpi]
Correo de seguimiento enviado a hermann.benda@infotec.mx: [GLPI #0000017] Nuevo incidente Habilitar la funcionalidad de registro a Talleres para Buscadores de Empleo desde el SIISNE
2020-02-25 20:00:24 [16@glpi]
An email to alberto.mendoza@infotec.mx was added to queue: [GLPI #0000018] New user in requesters Habilitar el campo de captura “Observaciones” en el registro de Buscadores de Empleo
2020-02-25 20:00:24 [16@glpi]
An email to hermann.benda@infotec.mx was added to queue: [GLPI #0000018] New user in observers Habilitar el campo de captura “Observaciones” en el registro de Buscadores de Empleo
2020-02-25 20:00:24 [16@glpi]
An email to alberto.mendoza@infotec.mx was added to queue: [GLPI #0000018] New user in assignees Habilitar el campo de captura “Observaciones” en el registro de Buscadores de Empleo
2020-02-25 20:00:24 [16@glpi]
An email to ma_stps@infotec.mx was added to queue: [GLPI #0000018] Nuevo incidente Habilitar el campo de captura “Observaciones” en el registro de Buscadores de Empleo
2020-02-25 20:00:24 [16@glpi]
An email to alberto.mendoza@infotec.mx was added to queue: [GLPI #0000018] Nuevo incidente Habilitar el campo de captura “Observaciones” en el registro de Buscadores de Empleo
2020-02-25 20:00:24 [16@glpi]
An email to hermann.benda@infotec.mx was added to queue: [GLPI #0000018] Nuevo incidente Habilitar el campo de captura “Observaciones” en el registro de Buscadores de Empleo
2020-02-25 20:33:07 [16@glpi]
Correo de seguimiento enviado a ma_stps@infotec.mx: [GLPI #0000018] Nuevo incidente Habilitar el campo de captura “Observaciones” en el registro de Buscadores de Empleo
2020-02-25 20:34:08 [16@glpi]
Correo de seguimiento enviado a alberto.mendoza@infotec.mx: [GLPI #0000018] Nuevo incidente Habilitar el campo de captura “Observaciones” en el registro de Buscadores de Empleo
2020-02-25 21:06:21 [16@glpi]
Correo de seguimiento enviado a hermann.benda@infotec.mx: [GLPI #0000018] Nuevo incidente Habilitar el campo de captura “Observaciones” en el registro de Buscadores de Empleo
2020-02-25 21:07:13 [16@glpi]
An email to ma_stps@infotec.mx was added to queue: [GLPI #0000002] Nuevo seguimiento ERROR SIISNE (Correo Nro.09)
2020-02-25 21:07:13 [16@glpi]
An email to alberto.mendoza@infotec.mx was added to queue: [GLPI #0000002] Nuevo seguimiento ERROR SIISNE (Correo Nro.09)
2020-02-25 21:07:13 [16@glpi]
An email to hermann.benda@infotec.mx was added to queue: [GLPI #0000002] Nuevo seguimiento ERROR SIISNE (Correo Nro.09)
2020-02-25 21:17:28 [16@glpi]
An email to ma_stps@infotec.mx was added to queue: [GLPI #0000002] Nueva tarea ERROR SIISNE (Correo Nro.09)
2020-02-25 21:17:28 [16@glpi]
An email to alberto.mendoza@infotec.mx was added to queue: [GLPI #0000002] Nueva tarea ERROR SIISNE (Correo Nro.09)
2020-02-25 21:17:28 [16@glpi]
An email to hermann.benda@infotec.mx was added to queue: [GLPI #0000002] Nueva tarea ERROR SIISNE (Correo Nro.09)
2020-02-25 21:22:50 [16@glpi]
An email to ma_stps@infotec.mx was added to queue: [GLPI #0000002] Actualización de una tarea ERROR SIISNE (Correo Nro.09)
2020-02-25 21:22:50 [16@glpi]
An email to alberto.mendoza@infotec.mx was added to queue: [GLPI #0000002] Actualización de una tarea ERROR SIISNE (Correo Nro.09)
2020-02-25 21:22:50 [16@glpi]
An email to hermann.benda@infotec.mx was added to queue: [GLPI #0000002] Actualización de una tarea ERROR SIISNE (Correo Nro.09)
2020-02-25 21:23:00 [16@glpi]
An email to ma_stps@infotec.mx was added to queue: [GLPI #0000002] Actualización de una tarea ERROR SIISNE (Correo Nro.09)
2020-02-25 21:23:00 [16@glpi]
An email to alberto.mendoza@infotec.mx was added to queue: [GLPI #0000002] Actualización de una tarea ERROR SIISNE (Correo Nro.09)
2020-02-25 21:23:00 [16@glpi]
An email to hermann.benda@infotec.mx was added to queue: [GLPI #0000002] Actualización de una tarea ERROR SIISNE (Correo Nro.09)
2020-02-25 21:40:29 [12@glpi]
Correo de seguimiento enviado a ma_stps@infotec.mx: [GLPI #0000002] Actualización de una tarea ERROR SIISNE (Correo Nro.09)
2020-02-25 21:40:30 [12@glpi]
Correo de seguimiento enviado a alberto.mendoza@infotec.mx: [GLPI #0000002] Actualización de una tarea ERROR SIISNE (Correo Nro.09)
2020-02-25 21:40:32 [12@glpi]
Correo de seguimiento enviado a hermann.benda@infotec.mx: [GLPI #0000002] Actualización de una tarea ERROR SIISNE (Correo Nro.09)
2020-02-27 17:24:17 [16@glpi]
An email to ma_stps@infotec.mx was added to queue: [GLPI #0000010] Nuevo seguimiento Interoperabilidad de plataformas - Jóvenes Construyendo el Futuro vs SNE
2020-02-27 17:24:17 [16@glpi]
An email to alberto.mendoza@infotec.mx was added to queue: [GLPI #0000010] Nuevo seguimiento Interoperabilidad de plataformas - Jóvenes Construyendo el Futuro vs SNE
2020-02-27 17:24:17 [16@glpi]
An email to hermann.benda@infotec.mx was added to queue: [GLPI #0000010] Nuevo seguimiento Interoperabilidad de plataformas - Jóvenes Construyendo el Futuro vs SNE
2020-02-27 17:25:03 [16@glpi]
An email to ma_stps@infotec.mx was added to queue: [GLPI #0000010] Borrado de una tarea Interoperabilidad de plataformas - Jóvenes Construyendo el Futuro vs SNE
2020-02-27 17:25:03 [16@glpi]
An email to alberto.mendoza@infotec.mx was added to queue: [GLPI #0000010] Borrado de una tarea Interoperabilidad de plataformas - Jóvenes Construyendo el Futuro vs SNE
2020-02-27 17:25:03 [16@glpi]
An email to hermann.benda@infotec.mx was added to queue: [GLPI #0000010] Borrado de una tarea Interoperabilidad de plataformas - Jóvenes Construyendo el Futuro vs SNE
2020-02-27 17:26:41 [16@glpi]
An email to ma_stps@infotec.mx was added to queue: [GLPI #0000010] Nuevo seguimiento Interoperabilidad de plataformas - Jóvenes Construyendo el Futuro vs SNE
2020-02-27 17:26:41 [16@glpi]
An email to alberto.mendoza@infotec.mx was added to queue: [GLPI #0000010] Nuevo seguimiento Interoperabilidad de plataformas - Jóvenes Construyendo el Futuro vs SNE
2020-02-27 17:26:41 [16@glpi]
An email to hermann.benda@infotec.mx was added to queue: [GLPI #0000010] Nuevo seguimiento Interoperabilidad de plataformas - Jóvenes Construyendo el Futuro vs SNE
2020-02-27 17:26:44 [16@glpi]
Correo de seguimiento enviado a ma_stps@infotec.mx: [GLPI #0000010] Nuevo seguimiento Interoperabilidad de plataformas - Jóvenes Construyendo el Futuro vs SNE
2020-02-27 17:26:45 [16@glpi]
Correo de seguimiento enviado a alberto.mendoza@infotec.mx: [GLPI #0000010] Nuevo seguimiento Interoperabilidad de plataformas - Jóvenes Construyendo el Futuro vs SNE
2020-02-27 17:26:46 [16@glpi]
Correo de seguimiento enviado a hermann.benda@infotec.mx: [GLPI #0000010] Nuevo seguimiento Interoperabilidad de plataformas - Jóvenes Construyendo el Futuro vs SNE
2020-02-27 17:28:17 [16@glpi]
An email to ma_stps@infotec.mx was added to queue: [GLPI #0000010] Nuevo seguimiento Interoperabilidad de plataformas - Jóvenes Construyendo el Futuro vs SNE
2020-02-27 17:28:17 [16@glpi]
An email to alberto.mendoza@infotec.mx was added to queue: [GLPI #0000010] Nuevo seguimiento Interoperabilidad de plataformas - Jóvenes Construyendo el Futuro vs SNE
2020-02-27 17:28:17 [16@glpi]
An email to hermann.benda@infotec.mx was added to queue: [GLPI #0000010] Nuevo seguimiento Interoperabilidad de plataformas - Jóvenes Construyendo el Futuro vs SNE
2020-02-27 17:30:22 [16@glpi]
An email to ma_stps@infotec.mx was added to queue: [GLPI #0000010] Nuevo seguimiento Interoperabilidad de plataformas - Jóvenes Construyendo el Futuro vs SNE
2020-02-27 17:30:22 [16@glpi]
An email to alberto.mendoza@infotec.mx was added to queue: [GLPI #0000010] Nuevo seguimiento Interoperabilidad de plataformas - Jóvenes Construyendo el Futuro vs SNE
2020-02-27 17:30:22 [16@glpi]
An email to hermann.benda@infotec.mx was added to queue: [GLPI #0000010] Nuevo seguimiento Interoperabilidad de plataformas - Jóvenes Construyendo el Futuro vs SNE
2020-02-27 17:30:44 [16@glpi]
An email to ma_stps@infotec.mx was added to queue: [GLPI #0000010] Actualización de un seguimiento Interoperabilidad de plataformas - Jóvenes Construyendo el Futuro vs SNE
2020-02-27 17:30:44 [16@glpi]
An email to alberto.mendoza@infotec.mx was added to queue: [GLPI #0000010] Actualización de un seguimiento Interoperabilidad de plataformas - Jóvenes Construyendo el Futuro vs SNE
2020-02-27 17:30:44 [16@glpi]
An email to hermann.benda@infotec.mx was added to queue: [GLPI #0000010] Actualización de un seguimiento Interoperabilidad de plataformas - Jóvenes Construyendo el Futuro vs SNE
2020-02-27 17:31:12 [16@glpi]
An email to ma_stps@infotec.mx was added to queue: [GLPI #0000010] Actualización de un seguimiento Interoperabilidad de plataformas - Jóvenes Construyendo el Futuro vs SNE
2020-02-27 17:31:12 [16@glpi]
An email to alberto.mendoza@infotec.mx was added to queue: [GLPI #0000010] Actualización de un seguimiento Interoperabilidad de plataformas - Jóvenes Construyendo el Futuro vs SNE
2020-02-27 17:31:12 [16@glpi]
An email to hermann.benda@infotec.mx was added to queue: [GLPI #0000010] Actualización de un seguimiento Interoperabilidad de plataformas - Jóvenes Construyendo el Futuro vs SNE
2020-02-27 17:36:54 [16@glpi]
An email to ma_stps@infotec.mx was added to queue: [GLPI #0000010] Nuevo seguimiento Interoperabilidad de plataformas - Jóvenes Construyendo el Futuro vs SNE
2020-02-27 17:36:54 [16@glpi]
An email to alberto.mendoza@infotec.mx was added to queue: [GLPI #0000010] Nuevo seguimiento Interoperabilidad de plataformas - Jóvenes Construyendo el Futuro vs SNE
2020-02-27 17:36:54 [16@glpi]
An email to hermann.benda@infotec.mx was added to queue: [GLPI #0000010] Nuevo seguimiento Interoperabilidad de plataformas - Jóvenes Construyendo el Futuro vs SNE
2020-02-27 17:39:40 [16@glpi]
Correo de seguimiento enviado a ma_stps@infotec.mx: [GLPI #0000010] Nuevo seguimiento Interoperabilidad de plataformas - Jóvenes Construyendo el Futuro vs SNE
2020-02-27 17:39:41 [16@glpi]
An email to ma_stps@infotec.mx was added to queue: [GLPI #0000010] Nuevo seguimiento Interoperabilidad de plataformas - Jóvenes Construyendo el Futuro vs SNE
2020-02-27 17:39:41 [16@glpi]
An email to alberto.mendoza@infotec.mx was added to queue: [GLPI #0000010] Nuevo seguimiento Interoperabilidad de plataformas - Jóvenes Construyendo el Futuro vs SNE
2020-02-27 17:39:41 [16@glpi]
An email to hermann.benda@infotec.mx was added to queue: [GLPI #0000010] Nuevo seguimiento Interoperabilidad de plataformas - Jóvenes Construyendo el Futuro vs SNE
2020-02-27 17:40:12 [16@glpi]
Correo de seguimiento enviado a ma_stps@infotec.mx: [GLPI #0000010] Nuevo seguimiento Interoperabilidad de plataformas - Jóvenes Construyendo el Futuro vs SNE
2020-02-27 17:40:32 [16@glpi]
An email to ma_stps@infotec.mx was added to queue: [GLPI #0000010] Actualización de un seguimiento Interoperabilidad de plataformas - Jóvenes Construyendo el Futuro vs SNE
2020-02-27 17:40:32 [16@glpi]
An email to alberto.mendoza@infotec.mx was added to queue: [GLPI #0000010] Actualización de un seguimiento Interoperabilidad de plataformas - Jóvenes Construyendo el Futuro vs SNE
2020-02-27 17:40:32 [16@glpi]
An email to hermann.benda@infotec.mx was added to queue: [GLPI #0000010] Actualización de un seguimiento Interoperabilidad de plataformas - Jóvenes Construyendo el Futuro vs SNE
2020-02-27 17:41:11 [16@glpi]
Correo de seguimiento enviado a ma_stps@infotec.mx: [GLPI #0000010] Actualización de un seguimiento Interoperabilidad de plataformas - Jóvenes Construyendo el Futuro vs SNE
2020-02-27 17:41:11 [16@glpi]
An email to ma_stps@infotec.mx was added to queue: [GLPI #0000010] Nuevo seguimiento Interoperabilidad de plataformas - Jóvenes Construyendo el Futuro vs SNE
2020-02-27 17:41:11 [16@glpi]
An email to alberto.mendoza@infotec.mx was added to queue: [GLPI #0000010] Nuevo seguimiento Interoperabilidad de plataformas - Jóvenes Construyendo el Futuro vs SNE
2020-02-27 17:41:11 [16@glpi]
An email to hermann.benda@infotec.mx was added to queue: [GLPI #0000010] Nuevo seguimiento Interoperabilidad de plataformas - Jóvenes Construyendo el Futuro vs SNE
2020-02-27 17:41:49 [16@glpi]
Correo de seguimiento enviado a ma_stps@infotec.mx: [GLPI #0000010] Nuevo seguimiento Interoperabilidad de plataformas - Jóvenes Construyendo el Futuro vs SNE
2020-02-27 17:41:58 [16@glpi]
An email to ma_stps@infotec.mx was added to queue: [GLPI #0000010] Borrado de seguimiento(s) Interoperabilidad de plataformas - Jóvenes Construyendo el Futuro vs SNE
2020-02-27 17:41:58 [16@glpi]
An email to alberto.mendoza@infotec.mx was added to queue: [GLPI #0000010] Borrado de seguimiento(s) Interoperabilidad de plataformas - Jóvenes Construyendo el Futuro vs SNE
2020-02-27 17:41:58 [16@glpi]
An email to hermann.benda@infotec.mx was added to queue: [GLPI #0000010] Borrado de seguimiento(s) Interoperabilidad de plataformas - Jóvenes Construyendo el Futuro vs SNE
2020-02-27 17:42:10 [16@glpi]
Correo de seguimiento enviado a ma_stps@infotec.mx: [GLPI #0000010] Borrado de seguimiento(s) Interoperabilidad de plataformas - Jóvenes Construyendo el Futuro vs SNE
2020-02-27 17:43:27 [16@glpi]
An email to ma_stps@infotec.mx was added to queue: [GLPI #0000010] Nuevo seguimiento Interoperabilidad de plataformas - Jóvenes Construyendo el Futuro vs SNE
2020-02-27 17:43:27 [16@glpi]
An email to alberto.mendoza@infotec.mx was added to queue: [GLPI #0000010] Nuevo seguimiento Interoperabilidad de plataformas - Jóvenes Construyendo el Futuro vs SNE
2020-02-27 17:43:27 [16@glpi]
An email to hermann.benda@infotec.mx was added to queue: [GLPI #0000010] Nuevo seguimiento Interoperabilidad de plataformas - Jóvenes Construyendo el Futuro vs SNE
2020-02-27 18:12:21 [16@glpi]
An email to brenda.munguia@infotec.mx was added to queue: [GLPI #0000011] New user in assignees Reportes Operativos
2020-02-27 18:37:23 [@glpi]
Correo de seguimiento enviado a ma_stps@infotec.mx: [GLPI #0000010] Nuevo seguimiento Interoperabilidad de plataformas - Jóvenes Construyendo el Futuro vs SNE
2020-02-27 18:37:24 [@glpi]
Correo de seguimiento enviado a alberto.mendoza@infotec.mx: [GLPI #0000010] Nuevo seguimiento Interoperabilidad de plataformas - Jóvenes Construyendo el Futuro vs SNE
2020-02-27 18:37:25 [@glpi]
Correo de seguimiento enviado a hermann.benda@infotec.mx: [GLPI #0000010] Nuevo seguimiento Interoperabilidad de plataformas - Jóvenes Construyendo el Futuro vs SNE
2020-02-27 18:37:26 [@glpi]
Correo de seguimiento enviado a brenda.munguia@infotec.mx: [GLPI #0000011] New user in assignees Reportes Operativos
2020-02-27 18:46:38 [16@glpi]
An email to brenda.munguia@infotec.mx was added to queue: [GLPI #0000001] New user in assignees SIISNE-ERROR REGISTRO NUEVO (Correo Nro.05)
2020-02-27 18:47:43 [16@glpi]
Correo de seguimiento enviado a brenda.munguia@infotec.mx: [GLPI #0000001] New user in assignees SIISNE-ERROR REGISTRO NUEVO (Correo Nro.05)
2020-02-27 18:48:41 [16@glpi]
An email to brenda.munguia@infotec.mx was added to queue: [GLPI #0000002] New user in assignees ERROR SIISNE (Correo Nro.09)
2020-02-27 18:49:32 [16@glpi]
An email to brenda.munguia@infotec.mx was added to queue: [GLPI #0000003] New user in assignees NO PERMITE VINCULARLO (Correo Nro.11)
2020-02-27 19:04:35 [16@glpi]
Correo de seguimiento enviado a brenda.munguia@infotec.mx: [GLPI #0000002] New user in assignees ERROR SIISNE (Correo Nro.09)
2020-02-27 19:04:36 [16@glpi]
Correo de seguimiento enviado a brenda.munguia@infotec.mx: [GLPI #0000003] New user in assignees NO PERMITE VINCULARLO (Correo Nro.11)
2020-02-28 01:22:41 [16@glpi]
An email to alberto.mendoza@infotec.mx was added to queue: [GLPI #0000016] New user in requesters Herramienta de contacto para solicitud de citas (Empresas).
2020-02-28 01:22:41 [16@glpi]
An email to hermann.benda@infotec.mx was added to queue: [GLPI #0000016] New user in observers Herramienta de contacto para solicitud de citas (Empresas).
2020-02-28 01:22:41 [16@glpi]
An email to alberto.mendoza@infotec.mx was added to queue: [GLPI #0000016] New user in assignees Herramienta de contacto para solicitud de citas (Empresas).
2020-02-28 01:22:41 [16@glpi]
An email to ma_stps@infotec.mx was added to queue: [GLPI #0000016] Nuevo incidente Herramienta de contacto para solicitud de citas (Empresas).
2020-02-28 01:22:41 [16@glpi]
An email to alberto.mendoza@infotec.mx was added to queue: [GLPI #0000016] Nuevo incidente Herramienta de contacto para solicitud de citas (Empresas).
2020-02-28 01:22:41 [16@glpi]
An email to hermann.benda@infotec.mx was added to queue: [GLPI #0000016] Nuevo incidente Herramienta de contacto para solicitud de citas (Empresas).
2020-02-28 01:23:33 [16@glpi]
Correo de seguimiento enviado a ma_stps@infotec.mx: [GLPI #0000016] Nuevo incidente Herramienta de contacto para solicitud de citas (Empresas).
2020-02-28 01:25:02 [16@glpi]
An email to brenda.munguia@infotec.mx was added to queue: [GLPI #0000007] New user in assignees Falla en SIISNE (Correo Nro.42)
2020-02-28 16:56:20 [16@glpi]
Correo de seguimiento enviado a brenda.munguia@infotec.mx: [GLPI #0000007] New user in assignees Falla en SIISNE (Correo Nro.42)
2020-02-28 16:59:13 [16@glpi]
Correo de seguimiento enviado a alberto.mendoza@infotec.mx: [GLPI #0000016] Nuevo incidente Herramienta de contacto para solicitud de citas (Empresas).
2020-02-28 17:07:45 [16@glpi]
An email to alberto.mendoza@infotec.mx was added to queue: [GLPI #0000017] New user in requesters Solicitarte información sobre los usuarios del SNE y del Portal del Empleo.
2020-02-28 17:07:45 [16@glpi]
An email to hermann.benda@infotec.mx was added to queue: [GLPI #0000017] New user in observers Solicitarte información sobre los usuarios del SNE y del Portal del Empleo.
2020-02-28 17:07:45 [16@glpi]
An email to andrea.arizmendi@infotec.mx was added to queue: [GLPI #0000017] New user in assignees Solicitarte información sobre los usuarios del SNE y del Portal del Empleo.
2020-02-28 17:07:45 [16@glpi]
An email to ma_stps@infotec.mx was added to queue: [GLPI #0000017] Nuevo incidente Solicitarte información sobre los usuarios del SNE y del Portal del Empleo.
2020-02-28 17:07:45 [16@glpi]
An email to alberto.mendoza@infotec.mx was added to queue: [GLPI #0000017] Nuevo incidente Solicitarte información sobre los usuarios del SNE y del Portal del Empleo.
2020-02-28 17:07:45 [16@glpi]
An email to hermann.benda@infotec.mx was added to queue: [GLPI #0000017] Nuevo incidente Solicitarte información sobre los usuarios del SNE y del Portal del Empleo.
2020-02-28 17:29:40 [16@glpi]
Correo de seguimiento enviado a hermann.benda@infotec.mx: [GLPI #0000016] Nuevo incidente Herramienta de contacto para solicitud de citas (Empresas).
2020-02-28 17:29:41 [16@glpi]
Correo de seguimiento enviado a andrea.arizmendi@infotec.mx: [GLPI #0000017] New user in assignees Solicitarte información sobre los usuarios del SNE y del Portal del Empleo.
2020-02-28 17:29:42 [16@glpi]
Correo de seguimiento enviado a ma_stps@infotec.mx: [GLPI #0000017] Nuevo incidente Solicitarte información sobre los usuarios del SNE y del Portal del Empleo.
2020-02-28 17:29:43 [16@glpi]
Correo de seguimiento enviado a alberto.mendoza@infotec.mx: [GLPI #0000017] Nuevo incidente Solicitarte información sobre los usuarios del SNE y del Portal del Empleo.
2020-02-28 17:29:45 [16@glpi]
Correo de seguimiento enviado a hermann.benda@infotec.mx: [GLPI #0000017] Nuevo incidente Solicitarte información sobre los usuarios del SNE y del Portal del Empleo.
2020-02-28 18:03:49 [16@glpi]
An email to ma_stps@infotec.mx was added to queue: [GLPI #0000012] Nuevo seguimiento Check box: buscador del empleo
2020-02-28 18:03:49 [16@glpi]
An email to alberto.mendoza@infotec.mx was added to queue: [GLPI #0000012] Nuevo seguimiento Check box: buscador del empleo
2020-02-28 18:03:49 [16@glpi]
An email to hermann.benda@infotec.mx was added to queue: [GLPI #0000012] Nuevo seguimiento Check box: buscador del empleo
2020-02-28 18:04:07 [16@glpi]
Correo de seguimiento enviado a ma_stps@infotec.mx: [GLPI #0000012] Nuevo seguimiento Check box: buscador del empleo
2020-02-28 19:29:31 [16@glpi]
Correo de seguimiento enviado a alberto.mendoza@infotec.mx: [GLPI #0000012] Nuevo seguimiento Check box: buscador del empleo
2020-02-28 19:29:32 [16@glpi]
Correo de seguimiento enviado a hermann.benda@infotec.mx: [GLPI #0000012] Nuevo seguimiento Check box: buscador del empleo
2020-02-28 19:37:34 [16@glpi]
An email to alberto.mendoza@infotec.mx was added to queue: [GLPI #0000018] New user in requesters Se solicita actualizar los datos de la oficina central de la ciudad de México 
2020-02-28 19:37:34 [16@glpi]
An email to hermann.benda@infotec.mx was added to queue: [GLPI #0000018] New user in observers Se solicita actualizar los datos de la oficina central de la ciudad de México 
2020-02-28 19:37:34 [16@glpi]
An email to andrea.arizmendi@infotec.mx was added to queue: [GLPI #0000018] New user in assignees Se solicita actualizar los datos de la oficina central de la ciudad de México 
2020-02-28 19:37:34 [16@glpi]
An email to ma_stps@infotec.mx was added to queue: [GLPI #0000018] Nuevo incidente Se solicita actualizar los datos de la oficina central de la ciudad de México 
2020-02-28 19:37:34 [16@glpi]
An email to alberto.mendoza@infotec.mx was added to queue: [GLPI #0000018] Nuevo incidente Se solicita actualizar los datos de la oficina central de la ciudad de México 
2020-02-28 19:37:34 [16@glpi]
An email to hermann.benda@infotec.mx was added to queue: [GLPI #0000018] Nuevo incidente Se solicita actualizar los datos de la oficina central de la ciudad de México 
2020-02-28 19:39:38 [16@glpi]
An email to alberto.mendoza@infotec.mx was added to queue: [GLPI #0000019] New user in requesters Cambiar el correo electrónico en la tabla oficina
2020-02-28 19:39:38 [16@glpi]
An email to hermann.benda@infotec.mx was added to queue: [GLPI #0000019] New user in observers Cambiar el correo electrónico en la tabla oficina
2020-02-28 19:39:38 [16@glpi]
An email to andrea.arizmendi@infotec.mx was added to queue: [GLPI #0000019] New user in assignees Cambiar el correo electrónico en la tabla oficina
2020-02-28 19:39:38 [16@glpi]
An email to ma_stps@infotec.mx was added to queue: [GLPI #0000019] Nuevo incidente Cambiar el correo electrónico en la tabla oficina
2020-02-28 19:39:38 [16@glpi]
An email to alberto.mendoza@infotec.mx was added to queue: [GLPI #0000019] Nuevo incidente Cambiar el correo electrónico en la tabla oficina
2020-02-28 19:39:38 [16@glpi]
An email to hermann.benda@infotec.mx was added to queue: [GLPI #0000019] Nuevo incidente Cambiar el correo electrónico en la tabla oficina
2020-02-28 19:39:40 [16@glpi]
Correo de seguimiento enviado a andrea.arizmendi@infotec.mx: [GLPI #0000019] New user in assignees Cambiar el correo electrónico en la tabla oficina
2020-02-28 19:40:31 [16@glpi]
Correo de seguimiento enviado a andrea.arizmendi@infotec.mx: [GLPI #0000018] New user in assignees Se solicita actualizar los datos de la oficina central de la ciudad de México 
2020-02-28 19:42:40 [16@glpi]
An email to alberto.mendoza@infotec.mx was added to queue: [GLPI #0000020] New user in requesters Se solicita cambiar el valor en el campo id_perfil
2020-02-28 19:42:40 [16@glpi]
An email to hermann.benda@infotec.mx was added to queue: [GLPI #0000020] New user in observers Se solicita cambiar el valor en el campo id_perfil
2020-02-28 19:42:41 [16@glpi]
Correo de seguimiento enviado a alberto.mendoza@infotec.mx: [GLPI #0000020] New user in requesters Se solicita cambiar el valor en el campo id_perfil
2020-02-28 19:42:41 [16@glpi]
An email to andrea.arizmendi@infotec.mx was added to queue: [GLPI #0000020] New user in assignees Se solicita cambiar el valor en el campo id_perfil
2020-02-28 19:42:41 [16@glpi]
An email to ma_stps@infotec.mx was added to queue: [GLPI #0000020] Nuevo incidente Se solicita cambiar el valor en el campo id_perfil
2020-02-28 19:42:41 [16@glpi]
An email to alberto.mendoza@infotec.mx was added to queue: [GLPI #0000020] Nuevo incidente Se solicita cambiar el valor en el campo id_perfil
2020-02-28 19:42:41 [16@glpi]
An email to hermann.benda@infotec.mx was added to queue: [GLPI #0000020] Nuevo incidente Se solicita cambiar el valor en el campo id_perfil
2020-02-28 19:42:42 [16@glpi]
Correo de seguimiento enviado a andrea.arizmendi@infotec.mx: [GLPI #0000020] New user in assignees Se solicita cambiar el valor en el campo id_perfil
2020-02-28 20:11:10 [16@glpi]
Correo de seguimiento enviado a ma_stps@infotec.mx: [GLPI #0000018] Nuevo incidente Se solicita actualizar los datos de la oficina central de la ciudad de México 
2020-02-28 20:11:12 [16@glpi]
Correo de seguimiento enviado a alberto.mendoza@infotec.mx: [GLPI #0000018] Nuevo incidente Se solicita actualizar los datos de la oficina central de la ciudad de México 
2020-02-28 20:11:13 [16@glpi]
Correo de seguimiento enviado a hermann.benda@infotec.mx: [GLPI #0000018] Nuevo incidente Se solicita actualizar los datos de la oficina central de la ciudad de México 
2020-02-28 20:11:14 [16@glpi]
Correo de seguimiento enviado a ma_stps@infotec.mx: [GLPI #0000019] Nuevo incidente Cambiar el correo electrónico en la tabla oficina
2020-02-28 20:11:15 [16@glpi]
Correo de seguimiento enviado a alberto.mendoza@infotec.mx: [GLPI #0000019] Nuevo incidente Cambiar el correo electrónico en la tabla oficina
2020-02-28 20:11:16 [16@glpi]
Correo de seguimiento enviado a hermann.benda@infotec.mx: [GLPI #0000019] Nuevo incidente Cambiar el correo electrónico en la tabla oficina
2020-02-28 20:11:16 [16@glpi]
Correo de seguimiento enviado a ma_stps@infotec.mx: [GLPI #0000020] Nuevo incidente Se solicita cambiar el valor en el campo id_perfil
2020-02-28 20:11:17 [16@glpi]
Correo de seguimiento enviado a alberto.mendoza@infotec.mx: [GLPI #0000020] Nuevo incidente Se solicita cambiar el valor en el campo id_perfil
2020-02-28 20:11:18 [16@glpi]
Correo de seguimiento enviado a hermann.benda@infotec.mx: [GLPI #0000020] Nuevo incidente Se solicita cambiar el valor en el campo id_perfil
2020-02-28 22:53:58 [6@glpi]
An email to ma_stps@infotec.mx was added to queue: [GLPI #0000020] Nuevo seguimiento Se solicita cambiar el valor en el campo id_perfil
2020-02-28 22:53:58 [6@glpi]
An email to alberto.mendoza@infotec.mx was added to queue: [GLPI #0000020] Nuevo seguimiento Se solicita cambiar el valor en el campo id_perfil
2020-02-28 22:53:58 [6@glpi]
An email to hermann.benda@infotec.mx was added to queue: [GLPI #0000020] Nuevo seguimiento Se solicita cambiar el valor en el campo id_perfil
2020-02-28 22:56:12 [6@glpi]
Correo de seguimiento enviado a ma_stps@infotec.mx: [GLPI #0000020] Nuevo seguimiento Se solicita cambiar el valor en el campo id_perfil
2020-02-28 23:05:02 [6@glpi]
An email to ma_stps@infotec.mx was added to queue: [GLPI #0000018] Nueva tarea Se solicita actualizar los datos de la oficina central de la ciudad de México 
2020-02-28 23:05:02 [6@glpi]
An email to alberto.mendoza@infotec.mx was added to queue: [GLPI #0000018] Nueva tarea Se solicita actualizar los datos de la oficina central de la ciudad de México 
2020-02-28 23:05:02 [6@glpi]
An email to hermann.benda@infotec.mx was added to queue: [GLPI #0000018] Nueva tarea Se solicita actualizar los datos de la oficina central de la ciudad de México 
2020-02-28 23:05:50 [12@glpi]
Correo de seguimiento enviado a alberto.mendoza@infotec.mx: [GLPI #0000020] Nuevo seguimiento Se solicita cambiar el valor en el campo id_perfil
2020-02-28 23:05:51 [12@glpi]
Correo de seguimiento enviado a hermann.benda@infotec.mx: [GLPI #0000020] Nuevo seguimiento Se solicita cambiar el valor en el campo id_perfil
2020-02-28 23:05:52 [12@glpi]
Correo de seguimiento enviado a ma_stps@infotec.mx: [GLPI #0000018] Nueva tarea Se solicita actualizar los datos de la oficina central de la ciudad de México 
2020-02-28 23:05:53 [12@glpi]
Correo de seguimiento enviado a alberto.mendoza@infotec.mx: [GLPI #0000018] Nueva tarea Se solicita actualizar los datos de la oficina central de la ciudad de México 
2020-02-28 23:05:54 [12@glpi]
Correo de seguimiento enviado a hermann.benda@infotec.mx: [GLPI #0000018] Nueva tarea Se solicita actualizar los datos de la oficina central de la ciudad de México 
2020-02-28 23:35:37 [6@glpi]
An email to ma_stps@infotec.mx was added to queue: [GLPI #0000019] Nuevo seguimiento Cambiar el correo electrónico en la tabla oficina
2020-02-28 23:35:37 [6@glpi]
An email to alberto.mendoza@infotec.mx was added to queue: [GLPI #0000019] Nuevo seguimiento Cambiar el correo electrónico en la tabla oficina
2020-02-28 23:35:37 [6@glpi]
An email to hermann.benda@infotec.mx was added to queue: [GLPI #0000019] Nuevo seguimiento Cambiar el correo electrónico en la tabla oficina
2020-02-28 23:37:40 [6@glpi]
An email to ma_stps@infotec.mx was added to queue: [GLPI #0000019] Nueva tarea Cambiar el correo electrónico en la tabla oficina
2020-02-28 23:37:40 [6@glpi]
An email to alberto.mendoza@infotec.mx was added to queue: [GLPI #0000019] Nueva tarea Cambiar el correo electrónico en la tabla oficina
2020-02-28 23:37:40 [6@glpi]
An email to hermann.benda@infotec.mx was added to queue: [GLPI #0000019] Nueva tarea Cambiar el correo electrónico en la tabla oficina
2020-02-28 23:38:11 [6@glpi]
An email to ma_stps@infotec.mx was added to queue: [GLPI #0000019] Nueva tarea Cambiar el correo electrónico en la tabla oficina
2020-02-28 23:38:11 [6@glpi]
An email to alberto.mendoza@infotec.mx was added to queue: [GLPI #0000019] Nueva tarea Cambiar el correo electrónico en la tabla oficina
2020-02-28 23:38:11 [6@glpi]
An email to hermann.benda@infotec.mx was added to queue: [GLPI #0000019] Nueva tarea Cambiar el correo electrónico en la tabla oficina
2020-02-28 23:40:26 [6@glpi]
An email to ma_stps@infotec.mx was added to queue: [GLPI #0000019] Nueva tarea Cambiar el correo electrónico en la tabla oficina
2020-02-28 23:40:26 [6@glpi]
An email to alberto.mendoza@infotec.mx was added to queue: [GLPI #0000019] Nueva tarea Cambiar el correo electrónico en la tabla oficina
2020-02-28 23:40:26 [6@glpi]
An email to hermann.benda@infotec.mx was added to queue: [GLPI #0000019] Nueva tarea Cambiar el correo electrónico en la tabla oficina
2020-02-28 23:40:28 [6@glpi]
Correo de seguimiento enviado a ma_stps@infotec.mx: [GLPI #0000019] Nueva tarea Cambiar el correo electrónico en la tabla oficina
2020-02-28 23:40:29 [6@glpi]
Correo de seguimiento enviado a alberto.mendoza@infotec.mx: [GLPI #0000019] Nueva tarea Cambiar el correo electrónico en la tabla oficina
2020-02-28 23:40:30 [6@glpi]
Correo de seguimiento enviado a hermann.benda@infotec.mx: [GLPI #0000019] Nueva tarea Cambiar el correo electrónico en la tabla oficina
2020-02-28 23:40:50 [6@glpi]
An email to ma_stps@infotec.mx was added to queue: [GLPI #0000019] Actualización de una tarea Cambiar el correo electrónico en la tabla oficina
2020-02-28 23:40:50 [6@glpi]
An email to alberto.mendoza@infotec.mx was added to queue: [GLPI #0000019] Actualización de una tarea Cambiar el correo electrónico en la tabla oficina
2020-02-28 23:40:50 [6@glpi]
An email to hermann.benda@infotec.mx was added to queue: [GLPI #0000019] Actualización de una tarea Cambiar el correo electrónico en la tabla oficina
2020-02-28 23:40:53 [6@glpi]
An email to ma_stps@infotec.mx was added to queue: [GLPI #0000019] Actualización de una tarea Cambiar el correo electrónico en la tabla oficina
2020-02-28 23:40:53 [6@glpi]
An email to alberto.mendoza@infotec.mx was added to queue: [GLPI #0000019] Actualización de una tarea Cambiar el correo electrónico en la tabla oficina
2020-02-28 23:40:53 [6@glpi]
An email to hermann.benda@infotec.mx was added to queue: [GLPI #0000019] Actualización de una tarea Cambiar el correo electrónico en la tabla oficina
2020-02-28 23:40:55 [6@glpi]
An email to ma_stps@infotec.mx was added to queue: [GLPI #0000019] Actualización de una tarea Cambiar el correo electrónico en la tabla oficina
2020-02-28 23:40:55 [6@glpi]
An email to alberto.mendoza@infotec.mx was added to queue: [GLPI #0000019] Actualización de una tarea Cambiar el correo electrónico en la tabla oficina
2020-02-28 23:40:55 [6@glpi]
An email to hermann.benda@infotec.mx was added to queue: [GLPI #0000019] Actualización de una tarea Cambiar el correo electrónico en la tabla oficina
2020-02-28 23:41:43 [16@glpi]
Correo de seguimiento enviado a ma_stps@infotec.mx: [GLPI #0000019] Actualización de una tarea Cambiar el correo electrónico en la tabla oficina
2020-02-28 23:42:43 [6@glpi]
An email to ma_stps@infotec.mx was added to queue: [GLPI #0000019] Incidente resuelto Cambiar el correo electrónico en la tabla oficina
2020-02-28 23:42:43 [6@glpi]
An email to alberto.mendoza@infotec.mx was added to queue: [GLPI #0000019] Incidente resuelto Cambiar el correo electrónico en la tabla oficina
2020-02-28 23:42:43 [6@glpi]
An email to hermann.benda@infotec.mx was added to queue: [GLPI #0000019] Incidente resuelto Cambiar el correo electrónico en la tabla oficina
2020-02-28 23:46:46 [6@glpi]
An email to ma_stps@infotec.mx was added to queue: [GLPI #0000018] Actualización de una tarea Se solicita actualizar los datos de la oficina central de la ciudad de México 
2020-02-28 23:46:46 [6@glpi]
An email to alberto.mendoza@infotec.mx was added to queue: [GLPI #0000018] Actualización de una tarea Se solicita actualizar los datos de la oficina central de la ciudad de México 
2020-02-28 23:46:46 [6@glpi]
An email to hermann.benda@infotec.mx was added to queue: [GLPI #0000018] Actualización de una tarea Se solicita actualizar los datos de la oficina central de la ciudad de México 
2020-02-28 23:49:26 [6@glpi]
An email to ma_stps@infotec.mx was added to queue: [GLPI #0000018] Nueva tarea Se solicita actualizar los datos de la oficina central de la ciudad de México 
2020-02-28 23:49:26 [6@glpi]
An email to alberto.mendoza@infotec.mx was added to queue: [GLPI #0000018] Nueva tarea Se solicita actualizar los datos de la oficina central de la ciudad de México 
2020-02-28 23:49:26 [6@glpi]
An email to hermann.benda@infotec.mx was added to queue: [GLPI #0000018] Nueva tarea Se solicita actualizar los datos de la oficina central de la ciudad de México 
2020-02-28 23:50:11 [6@glpi]
An email to ma_stps@infotec.mx was added to queue: [GLPI #0000018] Nueva tarea Se solicita actualizar los datos de la oficina central de la ciudad de México 
2020-02-28 23:50:11 [6@glpi]
An email to alberto.mendoza@infotec.mx was added to queue: [GLPI #0000018] Nueva tarea Se solicita actualizar los datos de la oficina central de la ciudad de México 
2020-02-28 23:50:11 [6@glpi]
An email to hermann.benda@infotec.mx was added to queue: [GLPI #0000018] Nueva tarea Se solicita actualizar los datos de la oficina central de la ciudad de México 
2020-02-28 23:51:00 [6@glpi]
An email to ma_stps@infotec.mx was added to queue: [GLPI #0000018] Nueva tarea Se solicita actualizar los datos de la oficina central de la ciudad de México 
2020-02-28 23:51:00 [6@glpi]
An email to alberto.mendoza@infotec.mx was added to queue: [GLPI #0000018] Nueva tarea Se solicita actualizar los datos de la oficina central de la ciudad de México 
2020-02-28 23:51:00 [6@glpi]
An email to hermann.benda@infotec.mx was added to queue: [GLPI #0000018] Nueva tarea Se solicita actualizar los datos de la oficina central de la ciudad de México 
2020-02-28 23:55:00 [6@glpi]
An email to ma_stps@infotec.mx was added to queue: [GLPI #0000017] Nuevo seguimiento Solicitarte información sobre los usuarios del SNE y del Portal del Empleo.
2020-02-28 23:55:00 [6@glpi]
An email to alberto.mendoza@infotec.mx was added to queue: [GLPI #0000017] Nuevo seguimiento Solicitarte información sobre los usuarios del SNE y del Portal del Empleo.
2020-02-28 23:55:00 [6@glpi]
An email to hermann.benda@infotec.mx was added to queue: [GLPI #0000017] Nuevo seguimiento Solicitarte información sobre los usuarios del SNE y del Portal del Empleo.
2020-02-28 23:55:52 [6@glpi]
Correo de seguimiento enviado a ma_stps@infotec.mx: [GLPI #0000017] Nuevo seguimiento Solicitarte información sobre los usuarios del SNE y del Portal del Empleo.
2020-02-28 23:56:00 [@glpi]
Correo de seguimiento enviado a ma_stps@infotec.mx: [GLPI #0000019] Incidente resuelto Cambiar el correo electrónico en la tabla oficina
2020-02-28 23:56:01 [@glpi]
Correo de seguimiento enviado a alberto.mendoza@infotec.mx: [GLPI #0000019] Incidente resuelto Cambiar el correo electrónico en la tabla oficina
2020-02-28 23:56:02 [@glpi]
Correo de seguimiento enviado a hermann.benda@infotec.mx: [GLPI #0000019] Incidente resuelto Cambiar el correo electrónico en la tabla oficina
2020-02-28 23:56:03 [@glpi]
Correo de seguimiento enviado a ma_stps@infotec.mx: [GLPI #0000018] Nueva tarea Se solicita actualizar los datos de la oficina central de la ciudad de México 
2020-02-28 23:56:04 [@glpi]
Correo de seguimiento enviado a alberto.mendoza@infotec.mx: [GLPI #0000018] Nueva tarea Se solicita actualizar los datos de la oficina central de la ciudad de México 
2020-02-28 23:56:06 [@glpi]
Correo de seguimiento enviado a hermann.benda@infotec.mx: [GLPI #0000018] Nueva tarea Se solicita actualizar los datos de la oficina central de la ciudad de México 
2020-02-28 23:56:07 [@glpi]
Correo de seguimiento enviado a alberto.mendoza@infotec.mx: [GLPI #0000017] Nuevo seguimiento Solicitarte información sobre los usuarios del SNE y del Portal del Empleo.
2020-02-28 23:56:08 [@glpi]
Correo de seguimiento enviado a hermann.benda@infotec.mx: [GLPI #0000017] Nuevo seguimiento Solicitarte información sobre los usuarios del SNE y del Portal del Empleo.
2020-03-02 18:05:38 [16@glpi]
An email to josel1204@gmail.com was added to queue: [GLPI #0000010] New user in assignees Interoperabilidad de plataformas - Jóvenes Construyendo el Futuro vs SNE
2020-03-02 18:05:38 [16@glpi]
An email to felipe.reyes@infotec.mx was added to queue: [GLPI #0000010] New user in assignees Interoperabilidad de plataformas - Jóvenes Construyendo el Futuro vs SNE
2020-03-02 18:05:38 [16@glpi]
An email to amed.munoz@infotec.mx was added to queue: [GLPI #0000010] New user in assignees Interoperabilidad de plataformas - Jóvenes Construyendo el Futuro vs SNE
2020-03-02 19:03:50 [16@glpi]
Correo de seguimiento enviado a josel1204@gmail.com: [GLPI #0000010] New user in assignees Interoperabilidad de plataformas - Jóvenes Construyendo el Futuro vs SNE
2020-03-02 19:03:51 [16@glpi]
Correo de seguimiento enviado a felipe.reyes@infotec.mx: [GLPI #0000010] New user in assignees Interoperabilidad de plataformas - Jóvenes Construyendo el Futuro vs SNE
2020-03-02 19:03:52 [16@glpi]
Correo de seguimiento enviado a amed.munoz@infotec.mx: [GLPI #0000010] New user in assignees Interoperabilidad de plataformas - Jóvenes Construyendo el Futuro vs SNE
2020-03-03 15:47:09 [6@glpi]
An email to ma_stps@infotec.mx was added to queue: [GLPI #0000018] Actualización de una tarea Se solicita actualizar los datos de la oficina central de la ciudad de México 
2020-03-03 15:47:09 [6@glpi]
An email to alberto.mendoza@infotec.mx was added to queue: [GLPI #0000018] Actualización de una tarea Se solicita actualizar los datos de la oficina central de la ciudad de México 
2020-03-03 15:47:09 [6@glpi]
An email to hermann.benda@infotec.mx was added to queue: [GLPI #0000018] Actualización de una tarea Se solicita actualizar los datos de la oficina central de la ciudad de México 
2020-03-03 16:01:10 [40@glpi]
Correo de seguimiento enviado a ma_stps@infotec.mx: [GLPI #0000018] Actualización de una tarea Se solicita actualizar los datos de la oficina central de la ciudad de México 
2020-03-03 16:01:11 [40@glpi]
Correo de seguimiento enviado a alberto.mendoza@infotec.mx: [GLPI #0000018] Actualización de una tarea Se solicita actualizar los datos de la oficina central de la ciudad de México 
2020-03-03 16:01:12 [40@glpi]
Correo de seguimiento enviado a hermann.benda@infotec.mx: [GLPI #0000018] Actualización de una tarea Se solicita actualizar los datos de la oficina central de la ciudad de México 
2020-03-03 16:35:17 [6@glpi]
An email to ma_stps@infotec.mx was added to queue: [GLPI #0000018] Actualización de una tarea Se solicita actualizar los datos de la oficina central de la ciudad de México 
2020-03-03 16:35:17 [6@glpi]
An email to alberto.mendoza@infotec.mx was added to queue: [GLPI #0000018] Actualización de una tarea Se solicita actualizar los datos de la oficina central de la ciudad de México 
2020-03-03 16:35:17 [6@glpi]
An email to hermann.benda@infotec.mx was added to queue: [GLPI #0000018] Actualización de una tarea Se solicita actualizar los datos de la oficina central de la ciudad de México 
2020-03-03 16:35:27 [6@glpi]
An email to ma_stps@infotec.mx was added to queue: [GLPI #0000018] Actualización de una tarea Se solicita actualizar los datos de la oficina central de la ciudad de México 
2020-03-03 16:35:27 [6@glpi]
An email to alberto.mendoza@infotec.mx was added to queue: [GLPI #0000018] Actualización de una tarea Se solicita actualizar los datos de la oficina central de la ciudad de México 
2020-03-03 16:35:27 [6@glpi]
An email to hermann.benda@infotec.mx was added to queue: [GLPI #0000018] Actualización de una tarea Se solicita actualizar los datos de la oficina central de la ciudad de México 
2020-03-03 17:04:19 [6@glpi]
An email to ma_stps@infotec.mx was added to queue: [GLPI #0000018] Actualización de una tarea Se solicita actualizar los datos de la oficina central de la ciudad de México 
2020-03-03 17:04:19 [6@glpi]
An email to alberto.mendoza@infotec.mx was added to queue: [GLPI #0000018] Actualización de una tarea Se solicita actualizar los datos de la oficina central de la ciudad de México 
2020-03-03 17:04:19 [6@glpi]
An email to hermann.benda@infotec.mx was added to queue: [GLPI #0000018] Actualización de una tarea Se solicita actualizar los datos de la oficina central de la ciudad de México 
2020-03-03 17:04:22 [6@glpi]
Correo de seguimiento enviado a ma_stps@infotec.mx: [GLPI #0000018] Actualización de una tarea Se solicita actualizar los datos de la oficina central de la ciudad de México 
2020-03-03 17:04:23 [6@glpi]
Correo de seguimiento enviado a alberto.mendoza@infotec.mx: [GLPI #0000018] Actualización de una tarea Se solicita actualizar los datos de la oficina central de la ciudad de México 
2020-03-03 17:04:24 [6@glpi]
Correo de seguimiento enviado a hermann.benda@infotec.mx: [GLPI #0000018] Actualización de una tarea Se solicita actualizar los datos de la oficina central de la ciudad de México 
2020-03-03 17:04:26 [6@glpi]
An email to ma_stps@infotec.mx was added to queue: [GLPI #0000018] Actualización de una tarea Se solicita actualizar los datos de la oficina central de la ciudad de México 
2020-03-03 17:04:26 [6@glpi]
An email to alberto.mendoza@infotec.mx was added to queue: [GLPI #0000018] Actualización de una tarea Se solicita actualizar los datos de la oficina central de la ciudad de México 
2020-03-03 17:04:26 [6@glpi]
An email to hermann.benda@infotec.mx was added to queue: [GLPI #0000018] Actualización de una tarea Se solicita actualizar los datos de la oficina central de la ciudad de México 
2020-03-03 17:07:01 [6@glpi]
An email to ma_stps@infotec.mx was added to queue: [GLPI #0000018] Nueva tarea Se solicita actualizar los datos de la oficina central de la ciudad de México 
2020-03-03 17:07:01 [6@glpi]
An email to alberto.mendoza@infotec.mx was added to queue: [GLPI #0000018] Nueva tarea Se solicita actualizar los datos de la oficina central de la ciudad de México 
2020-03-03 17:07:01 [6@glpi]
An email to hermann.benda@infotec.mx was added to queue: [GLPI #0000018] Nueva tarea Se solicita actualizar los datos de la oficina central de la ciudad de México 
2020-03-03 17:07:10 [6@glpi]
An email to ma_stps@infotec.mx was added to queue: [GLPI #0000018] Actualización de una tarea Se solicita actualizar los datos de la oficina central de la ciudad de México 
2020-03-03 17:07:10 [6@glpi]
An email to alberto.mendoza@infotec.mx was added to queue: [GLPI #0000018] Actualización de una tarea Se solicita actualizar los datos de la oficina central de la ciudad de México 
2020-03-03 17:07:10 [6@glpi]
An email to hermann.benda@infotec.mx was added to queue: [GLPI #0000018] Actualización de una tarea Se solicita actualizar los datos de la oficina central de la ciudad de México 
2020-03-03 17:13:51 [6@glpi]
An email to ma_stps@infotec.mx was added to queue: [GLPI #0000018] Nuevo seguimiento Se solicita actualizar los datos de la oficina central de la ciudad de México 
2020-03-03 17:13:51 [6@glpi]
An email to alberto.mendoza@infotec.mx was added to queue: [GLPI #0000018] Nuevo seguimiento Se solicita actualizar los datos de la oficina central de la ciudad de México 
2020-03-03 17:13:51 [6@glpi]
An email to hermann.benda@infotec.mx was added to queue: [GLPI #0000018] Nuevo seguimiento Se solicita actualizar los datos de la oficina central de la ciudad de México 
2020-03-03 17:13:54 [6@glpi]
Correo de seguimiento enviado a ma_stps@infotec.mx: [GLPI #0000018] Nuevo seguimiento Se solicita actualizar los datos de la oficina central de la ciudad de México 
2020-03-03 17:13:55 [6@glpi]
Correo de seguimiento enviado a alberto.mendoza@infotec.mx: [GLPI #0000018] Nuevo seguimiento Se solicita actualizar los datos de la oficina central de la ciudad de México 
2020-03-03 17:13:56 [6@glpi]
Correo de seguimiento enviado a hermann.benda@infotec.mx: [GLPI #0000018] Nuevo seguimiento Se solicita actualizar los datos de la oficina central de la ciudad de México 
2020-03-03 18:30:26 [6@glpi]
An email to ma_stps@infotec.mx was added to queue: [GLPI #0000017] Nueva tarea Solicitarte información sobre los usuarios del SNE y del Portal del Empleo.
2020-03-03 18:30:26 [6@glpi]
An email to alberto.mendoza@infotec.mx was added to queue: [GLPI #0000017] Nueva tarea Solicitarte información sobre los usuarios del SNE y del Portal del Empleo.
2020-03-03 18:30:26 [6@glpi]
An email to hermann.benda@infotec.mx was added to queue: [GLPI #0000017] Nueva tarea Solicitarte información sobre los usuarios del SNE y del Portal del Empleo.
2020-03-03 18:31:20 [6@glpi]
An email to ma_stps@infotec.mx was added to queue: [GLPI #0000017] Actualización de una tarea Solicitarte información sobre los usuarios del SNE y del Portal del Empleo.
2020-03-03 18:31:20 [6@glpi]
An email to alberto.mendoza@infotec.mx was added to queue: [GLPI #0000017] Actualización de una tarea Solicitarte información sobre los usuarios del SNE y del Portal del Empleo.
2020-03-03 18:31:20 [6@glpi]
An email to hermann.benda@infotec.mx was added to queue: [GLPI #0000017] Actualización de una tarea Solicitarte información sobre los usuarios del SNE y del Portal del Empleo.
2020-03-03 20:09:45 [16@glpi]
Correo de seguimiento enviado a ma_stps@infotec.mx: [GLPI #0000017] Actualización de una tarea Solicitarte información sobre los usuarios del SNE y del Portal del Empleo.
2020-03-03 20:09:46 [16@glpi]
Correo de seguimiento enviado a alberto.mendoza@infotec.mx: [GLPI #0000017] Actualización de una tarea Solicitarte información sobre los usuarios del SNE y del Portal del Empleo.
2020-03-03 20:09:47 [16@glpi]
Correo de seguimiento enviado a hermann.benda@infotec.mx: [GLPI #0000017] Actualización de una tarea Solicitarte información sobre los usuarios del SNE y del Portal del Empleo.
2020-03-04 18:08:14 [36@glpi]
An email to mineyeli.martinez@stps.gob.mx was added to queue: [GLPI #0000021] New user in requesters migración de expediente
2020-03-04 18:08:14 [36@glpi]
An email to ma_stps@infotec.mx was added to queue: [GLPI #0000021] Nuevo incidente migración de expediente
2020-03-04 18:08:14 [36@glpi]
An email to mineyeli.martinez@stps.gob.mx was added to queue: [GLPI #0000021] Nuevo incidente migración de expediente
2020-03-04 18:18:50 [40@glpi]
Correo de seguimiento enviado a ma_stps@infotec.mx: [GLPI #0000021] Nuevo incidente migración de expediente
2020-03-04 18:18:51 [40@glpi]
Correo de seguimiento enviado a mineyeli.martinez@stps.gob.mx: [GLPI #0000021] Nuevo incidente migración de expediente
